CRITICAL - 2023-02-04 05:16:30 --> json_decode(): Passing null to parameter #1 ($json) of type string is deprecated
in APPPATH\Controllers\Tracking.php on line 20.
 1 [internal function]: CodeIgniter\Debug\Exceptions->errorHandler(8192, 'json_decode(): Passing null to parameter #1 ($json) of type string is deprecated', 'APPPATH\\Controllers\\Tracking.php', 20)
 2 APPPATH\Controllers\Tracking.php(20): json_decode(null)
 3 SYSTEMPATH\CodeIgniter.php(934): App\Controllers\Tracking->index()
 4 SYSTEMPATH\CodeIgniter.php(499): CodeIgniter\CodeIgniter->runController(Object(App\Controllers\Tracking))
 5 SYSTEMPATH\CodeIgniter.php(368): CodeIgniter\CodeIgniter->handleRequest(null, Object(Config\Cache), false)
 6 FCPATH\index.php(67): CodeIgniter\CodeIgniter->run()
 7 SYSTEMPATH\Commands\Server\rewrite.php(47): require_once('FCPATH\\index.php')
CRITICAL - 2023-02-04 05:16:36 --> json_decode(): Passing null to parameter #1 ($json) of type string is deprecated
in APPPATH\Controllers\Tracking.php on line 20.
 1 [internal function]: CodeIgniter\Debug\Exceptions->errorHandler(8192, 'json_decode(): Passing null to parameter #1 ($json) of type string is deprecated', 'APPPATH\\Controllers\\Tracking.php', 20)
 2 APPPATH\Controllers\Tracking.php(20): json_decode(null)
 3 SYSTEMPATH\CodeIgniter.php(934): App\Controllers\Tracking->index()
 4 SYSTEMPATH\CodeIgniter.php(499): CodeIgniter\CodeIgniter->runController(Object(App\Controllers\Tracking))
 5 SYSTEMPATH\CodeIgniter.php(368): CodeIgniter\CodeIgniter->handleRequest(null, Object(Config\Cache), false)
 6 FCPATH\index.php(67): CodeIgniter\CodeIgniter->run()
 7 SYSTEMPATH\Commands\Server\rewrite.php(47): require_once('FCPATH\\index.php')
CRITICAL - 2023-02-04 05:18:49 --> json_decode(): Passing null to parameter #1 ($json) of type string is deprecated
in APPPATH\Controllers\Tracking.php on line 20.
 1 [internal function]: CodeIgniter\Debug\Exceptions->errorHandler(8192, 'json_decode(): Passing null to parameter #1 ($json) of type string is deprecated', 'APPPATH\\Controllers\\Tracking.php', 20)
 2 APPPATH\Controllers\Tracking.php(20): json_decode(null)
 3 SYSTEMPATH\CodeIgniter.php(934): App\Controllers\Tracking->index()
 4 SYSTEMPATH\CodeIgniter.php(499): CodeIgniter\CodeIgniter->runController(Object(App\Controllers\Tracking))
 5 SYSTEMPATH\CodeIgniter.php(368): CodeIgniter\CodeIgniter->handleRequest(null, Object(Config\Cache), false)
 6 FCPATH\index.php(67): CodeIgniter\CodeIgniter->run()
 7 SYSTEMPATH\Commands\Server\rewrite.php(47): require_once('FCPATH\\index.php')
CRITICAL - 2023-02-04 05:18:51 --> json_decode(): Passing null to parameter #1 ($json) of type string is deprecated
in APPPATH\Controllers\Tracking.php on line 20.
 1 [internal function]: CodeIgniter\Debug\Exceptions->errorHandler(8192, 'json_decode(): Passing null to parameter #1 ($json) of type string is deprecated', 'APPPATH\\Controllers\\Tracking.php', 20)
 2 APPPATH\Controllers\Tracking.php(20): json_decode(null)
 3 SYSTEMPATH\CodeIgniter.php(934): App\Controllers\Tracking->index()
 4 SYSTEMPATH\CodeIgniter.php(499): CodeIgniter\CodeIgniter->runController(Object(App\Controllers\Tracking))
 5 SYSTEMPATH\CodeIgniter.php(368): CodeIgniter\CodeIgniter->handleRequest(null, Object(Config\Cache), false)
 6 FCPATH\index.php(67): CodeIgniter\CodeIgniter->run()
 7 SYSTEMPATH\Commands\Server\rewrite.php(47): require_once('FCPATH\\index.php')
CRITICAL - 2023-02-04 05:18:55 --> json_decode(): Passing null to parameter #1 ($json) of type string is deprecated
in APPPATH\Controllers\Tracking.php on line 20.
 1 [internal function]: CodeIgniter\Debug\Exceptions->errorHandler(8192, 'json_decode(): Passing null to parameter #1 ($json) of type string is deprecated', 'APPPATH\\Controllers\\Tracking.php', 20)
 2 APPPATH\Controllers\Tracking.php(20): json_decode(null)
 3 SYSTEMPATH\CodeIgniter.php(934): App\Controllers\Tracking->index()
 4 SYSTEMPATH\CodeIgniter.php(499): CodeIgniter\CodeIgniter->runController(Object(App\Controllers\Tracking))
 5 SYSTEMPATH\CodeIgniter.php(368): CodeIgniter\CodeIgniter->handleRequest(null, Object(Config\Cache), false)
 6 FCPATH\index.php(67): CodeIgniter\CodeIgniter->run()
 7 SYSTEMPATH\Commands\Server\rewrite.php(47): require_once('FCPATH\\index.php')
CRITICAL - 2023-02-04 05:18:59 --> json_decode(): Passing null to parameter #1 ($json) of type string is deprecated
in APPPATH\Controllers\Tracking.php on line 20.
 1 [internal function]: CodeIgniter\Debug\Exceptions->errorHandler(8192, 'json_decode(): Passing null to parameter #1 ($json) of type string is deprecated', 'APPPATH\\Controllers\\Tracking.php', 20)
 2 APPPATH\Controllers\Tracking.php(20): json_decode(null)
 3 SYSTEMPATH\CodeIgniter.php(934): App\Controllers\Tracking->index()
 4 SYSTEMPATH\CodeIgniter.php(499): CodeIgniter\CodeIgniter->runController(Object(App\Controllers\Tracking))
 5 SYSTEMPATH\CodeIgniter.php(368): CodeIgniter\CodeIgniter->handleRequest(null, Object(Config\Cache), false)
 6 FCPATH\index.php(67): CodeIgniter\CodeIgniter->run()
 7 SYSTEMPATH\Commands\Server\rewrite.php(47): require_once('FCPATH\\index.php')
CRITICAL - 2023-02-04 05:19:02 --> json_decode(): Passing null to parameter #1 ($json) of type string is deprecated
in APPPATH\Controllers\Tracking.php on line 20.
 1 [internal function]: CodeIgniter\Debug\Exceptions->errorHandler(8192, 'json_decode(): Passing null to parameter #1 ($json) of type string is deprecated', 'APPPATH\\Controllers\\Tracking.php', 20)
 2 APPPATH\Controllers\Tracking.php(20): json_decode(null)
 3 SYSTEMPATH\CodeIgniter.php(934): App\Controllers\Tracking->index()
 4 SYSTEMPATH\CodeIgniter.php(499): CodeIgniter\CodeIgniter->runController(Object(App\Controllers\Tracking))
 5 SYSTEMPATH\CodeIgniter.php(368): CodeIgniter\CodeIgniter->handleRequest(null, Object(Config\Cache), false)
 6 FCPATH\index.php(67): CodeIgniter\CodeIgniter->run()
 7 SYSTEMPATH\Commands\Server\rewrite.php(47): require_once('FCPATH\\index.php')
CRITICAL - 2023-02-04 05:19:13 --> json_decode(): Passing null to parameter #1 ($json) of type string is deprecated
in APPPATH\Controllers\Tracking.php on line 20.
 1 [internal function]: CodeIgniter\Debug\Exceptions->errorHandler(8192, 'json_decode(): Passing null to parameter #1 ($json) of type string is deprecated', 'APPPATH\\Controllers\\Tracking.php', 20)
 2 APPPATH\Controllers\Tracking.php(20): json_decode(null)
 3 SYSTEMPATH\CodeIgniter.php(934): App\Controllers\Tracking->index()
 4 SYSTEMPATH\CodeIgniter.php(499): CodeIgniter\CodeIgniter->runController(Object(App\Controllers\Tracking))
 5 SYSTEMPATH\CodeIgniter.php(368): CodeIgniter\CodeIgniter->handleRequest(null, Object(Config\Cache), false)
 6 FCPATH\index.php(67): CodeIgniter\CodeIgniter->run()
 7 SYSTEMPATH\Commands\Server\rewrite.php(47): require_once('FCPATH\\index.php')
CRITICAL - 2023-02-04 05:19:16 --> json_decode(): Passing null to parameter #1 ($json) of type string is deprecated
in APPPATH\Controllers\Tracking.php on line 20.
 1 [internal function]: CodeIgniter\Debug\Exceptions->errorHandler(8192, 'json_decode(): Passing null to parameter #1 ($json) of type string is deprecated', 'APPPATH\\Controllers\\Tracking.php', 20)
 2 APPPATH\Controllers\Tracking.php(20): json_decode(null)
 3 SYSTEMPATH\CodeIgniter.php(934): App\Controllers\Tracking->index()
 4 SYSTEMPATH\CodeIgniter.php(499): CodeIgniter\CodeIgniter->runController(Object(App\Controllers\Tracking))
 5 SYSTEMPATH\CodeIgniter.php(368): CodeIgniter\CodeIgniter->handleRequest(null, Object(Config\Cache), false)
 6 FCPATH\index.php(67): CodeIgniter\CodeIgniter->run()
 7 SYSTEMPATH\Commands\Server\rewrite.php(47): require_once('FCPATH\\index.php')
CRITICAL - 2023-02-04 05:19:44 --> json_decode(): Passing null to parameter #1 ($json) of type string is deprecated
in APPPATH\Controllers\Tracking.php on line 20.
 1 [internal function]: CodeIgniter\Debug\Exceptions->errorHandler(8192, 'json_decode(): Passing null to parameter #1 ($json) of type string is deprecated', 'APPPATH\\Controllers\\Tracking.php', 20)
 2 APPPATH\Controllers\Tracking.php(20): json_decode(null)
 3 SYSTEMPATH\CodeIgniter.php(934): App\Controllers\Tracking->index()
 4 SYSTEMPATH\CodeIgniter.php(499): CodeIgniter\CodeIgniter->runController(Object(App\Controllers\Tracking))
 5 SYSTEMPATH\CodeIgniter.php(368): CodeIgniter\CodeIgniter->handleRequest(null, Object(Config\Cache), false)
 6 FCPATH\index.php(67): CodeIgniter\CodeIgniter->run()
 7 SYSTEMPATH\Commands\Server\rewrite.php(47): require_once('FCPATH\\index.php')
CRITICAL - 2023-02-04 05:37:24 --> Trying to access array offset on value of type null
in APPPATH\Controllers\Tracking.php on line 22.
 1 APPPATH\Controllers\Tracking.php(22): CodeIgniter\Debug\Exceptions->errorHandler(2, 'Trying to access array offset on value of type null', 'APPPATH\\Controllers\\Tracking.php', 22)
 2 SYSTEMPATH\CodeIgniter.php(934): App\Controllers\Tracking->index()
 3 SYSTEMPATH\CodeIgniter.php(499): CodeIgniter\CodeIgniter->runController(Object(App\Controllers\Tracking))
 4 SYSTEMPATH\CodeIgniter.php(368): CodeIgniter\CodeIgniter->handleRequest(null, Object(Config\Cache), false)
 5 FCPATH\index.php(67): CodeIgniter\CodeIgniter->run()
 6 SYSTEMPATH\Commands\Server\rewrite.php(47): require_once('FCPATH\\index.php')
CRITICAL - 2023-02-04 05:37:48 --> Trying to access array offset on value of type null
in APPPATH\Controllers\Tracking.php on line 22.
 1 APPPATH\Controllers\Tracking.php(22): CodeIgniter\Debug\Exceptions->errorHandler(2, 'Trying to access array offset on value of type null', 'APPPATH\\Controllers\\Tracking.php', 22)
 2 SYSTEMPATH\CodeIgniter.php(934): App\Controllers\Tracking->index()
 3 SYSTEMPATH\CodeIgniter.php(499): CodeIgniter\CodeIgniter->runController(Object(App\Controllers\Tracking))
 4 SYSTEMPATH\CodeIgniter.php(368): CodeIgniter\CodeIgniter->handleRequest(null, Object(Config\Cache), false)
 5 FCPATH\index.php(67): CodeIgniter\CodeIgniter->run()
 6 SYSTEMPATH\Commands\Server\rewrite.php(47): require_once('FCPATH\\index.php')
CRITICAL - 2023-02-04 05:41:57 --> Trying to access array offset on value of type null
in APPPATH\Controllers\Tracking.php on line 22.
 1 APPPATH\Controllers\Tracking.php(22): CodeIgniter\Debug\Exceptions->errorHandler(2, 'Trying to access array offset on value of type null', 'APPPATH\\Controllers\\Tracking.php', 22)
 2 SYSTEMPATH\CodeIgniter.php(934): App\Controllers\Tracking->index()
 3 SYSTEMPATH\CodeIgniter.php(499): CodeIgniter\CodeIgniter->runController(Object(App\Controllers\Tracking))
 4 SYSTEMPATH\CodeIgniter.php(368): CodeIgniter\CodeIgniter->handleRequest(null, Object(Config\Cache), false)
 5 FCPATH\index.php(67): CodeIgniter\CodeIgniter->run()
 6 SYSTEMPATH\Commands\Server\rewrite.php(47): require_once('FCPATH\\index.php')
CRITICAL - 2023-02-04 05:42:01 --> Trying to access array offset on value of type null
in APPPATH\Controllers\Tracking.php on line 22.
 1 APPPATH\Controllers\Tracking.php(22): CodeIgniter\Debug\Exceptions->errorHandler(2, 'Trying to access array offset on value of type null', 'APPPATH\\Controllers\\Tracking.php', 22)
 2 SYSTEMPATH\CodeIgniter.php(934): App\Controllers\Tracking->index()
 3 SYSTEMPATH\CodeIgniter.php(499): CodeIgniter\CodeIgniter->runController(Object(App\Controllers\Tracking))
 4 SYSTEMPATH\CodeIgniter.php(368): CodeIgniter\CodeIgniter->handleRequest(null, Object(Config\Cache), false)
 5 FCPATH\index.php(67): CodeIgniter\CodeIgniter->run()
 6 SYSTEMPATH\Commands\Server\rewrite.php(47): require_once('FCPATH\\index.php')
CRITICAL - 2023-02-04 05:42:08 --> Trying to access array offset on value of type null
in APPPATH\Controllers\Tracking.php on line 22.
 1 APPPATH\Controllers\Tracking.php(22): CodeIgniter\Debug\Exceptions->errorHandler(2, 'Trying to access array offset on value of type null', 'APPPATH\\Controllers\\Tracking.php', 22)
 2 SYSTEMPATH\CodeIgniter.php(934): App\Controllers\Tracking->index()
 3 SYSTEMPATH\CodeIgniter.php(499): CodeIgniter\CodeIgniter->runController(Object(App\Controllers\Tracking))
 4 SYSTEMPATH\CodeIgniter.php(368): CodeIgniter\CodeIgniter->handleRequest(null, Object(Config\Cache), false)
 5 FCPATH\index.php(67): CodeIgniter\CodeIgniter->run()
 6 SYSTEMPATH\Commands\Server\rewrite.php(47): require_once('FCPATH\\index.php')
CRITICAL - 2023-02-04 06:10:12 --> Undefined variable $role
in APPPATH\Models\ModelTracking.php on line 18.
 1 APPPATH\Models\ModelTracking.php(18): CodeIgniter\Debug\Exceptions->errorHandler(2, 'Undefined variable $role', 'APPPATH\\Models\\ModelTracking.php', 18)
 2 APPPATH\Controllers\Tracking.php(18): App\Models\ModelTracking->getTracking()
 3 SYSTEMPATH\CodeIgniter.php(934): App\Controllers\Tracking->index()
 4 SYSTEMPATH\CodeIgniter.php(499): CodeIgniter\CodeIgniter->runController(Object(App\Controllers\Tracking))
 5 SYSTEMPATH\CodeIgniter.php(368): CodeIgniter\CodeIgniter->handleRequest(null, Object(Config\Cache), false)
 6 FCPATH\index.php(67): CodeIgniter\CodeIgniter->run()
 7 SYSTEMPATH\Commands\Server\rewrite.php(47): require_once('FCPATH\\index.php')
CRITICAL - 2023-02-04 06:53:34 --> Trying to access array offset on value of type null
in APPPATH\Models\ModelTracking.php on line 17.
 1 APPPATH\Models\ModelTracking.php(17): CodeIgniter\Debug\Exceptions->errorHandler(2, 'Trying to access array offset on value of type null', 'APPPATH\\Models\\ModelTracking.php', 17)
 2 APPPATH\Controllers\Tracking.php(19): App\Models\ModelTracking->getTracking(null)
 3 SYSTEMPATH\CodeIgniter.php(934): App\Controllers\Tracking->index()
 4 SYSTEMPATH\CodeIgniter.php(499): CodeIgniter\CodeIgniter->runController(Object(App\Controllers\Tracking))
 5 SYSTEMPATH\CodeIgniter.php(368): CodeIgniter\CodeIgniter->handleRequest(null, Object(Config\Cache), false)
 6 FCPATH\index.php(67): CodeIgniter\CodeIgniter->run()
 7 SYSTEMPATH\Commands\Server\rewrite.php(47): require_once('FCPATH\\index.php')
CRITICAL - 2023-02-04 09:01:48 --> Call to undefined method PhpOffice\PhpSpreadsheet\Reader\Xlsx::getFilename()
in APPPATH\Controllers\Tracking.php on line 48.
 1 SYSTEMPATH\CodeIgniter.php(934): App\Controllers\Tracking->importCsvToDb()
 2 SYSTEMPATH\CodeIgniter.php(499): CodeIgniter\CodeIgniter->runController(Object(App\Controllers\Tracking))
 3 SYSTEMPATH\CodeIgniter.php(368): CodeIgniter\CodeIgniter->handleRequest(null, Object(Config\Cache), false)
 4 FCPATH\index.php(67): CodeIgniter\CodeIgniter->run()
 5 SYSTEMPATH\Commands\Server\rewrite.php(47): require_once('FCPATH\\index.php')
CRITICAL - 2023-02-04 09:10:43 --> Call to undefined method PhpOffice\PhpSpreadsheet\Reader\Xlsx::save()
in APPPATH\Controllers\Tracking.php on line 49.
 1 SYSTEMPATH\CodeIgniter.php(934): App\Controllers\Tracking->importCsvToDb()
 2 SYSTEMPATH\CodeIgniter.php(499): CodeIgniter\CodeIgniter->runController(Object(App\Controllers\Tracking))
 3 SYSTEMPATH\CodeIgniter.php(368): CodeIgniter\CodeIgniter->handleRequest(null, Object(Config\Cache), false)
 4 FCPATH\index.php(67): CodeIgniter\CodeIgniter->run()
 5 SYSTEMPATH\Commands\Server\rewrite.php(47): require_once('FCPATH\\index.php')
