ERROR - 2023-01-31 05:09:34 --> Error connecting to the database: mysqli_sql_exception: A connection attempt failed because the connected party did not properly respond after a period of time, or established connection failed because connected host has failed to respond in C:\NOVAL\App\mail-tracking-minerba\mail-tracking\starter\vendor\codeigniter4\framework\system\Database\MySQLi\Connection.php:174
Stack trace:
#0 C:\NOVAL\App\mail-tracking-minerba\mail-tracking\starter\vendor\codeigniter4\framework\system\Database\MySQLi\Connection.php(174): mysqli->real_connect('mailtrackminerb...', 'n1571149_mailtr...', 'mailtracking202...', 'n1571149_testma...', 3306, '', 0)
#1 C:\NOVAL\App\mail-tracking-minerba\mail-tracking\starter\vendor\codeigniter4\framework\system\Database\BaseConnection.php(391): CodeIgniter\Database\MySQLi\Connection->connect(false)
#2 C:\NOVAL\App\mail-tracking-minerba\mail-tracking\starter\vendor\codeigniter4\framework\system\Database\BaseConnection.php(573): CodeIgniter\Database\BaseConnection->initialize()
#3 C:\NOVAL\App\mail-tracking-minerba\mail-tracking\starter\vendor\codeigniter4\framework\system\Database\BaseBuilder.php(1602): CodeIgniter\Database\BaseConnection->query('SELECT *\nFROM `...', Array, false)
#4 C:\NOVAL\App\mail-tracking-minerba\mail-tracking\starter\vendor\codeigniter4\framework\system\Model.php(839): CodeIgniter\Database\BaseBuilder->get()
#5 C:\NOVAL\App\mail-tracking-minerba\mail-tracking\starter\app\Models\ModelInbox.php(18): CodeIgniter\Model->__call('get', Array)
#6 C:\NOVAL\App\mail-tracking-minerba\mail-tracking\starter\app\Controllers\Inbox.php(18): App\Models\ModelInbox->getInboxByRole('DJB')
#7 C:\NOVAL\App\mail-tracking-minerba\mail-tracking\starter\vendor\codeigniter4\framework\system\CodeIgniter.php(934): App\Controllers\Inbox->show('DJB')
#8 C:\NOVAL\App\mail-tracking-minerba\mail-tracking\starter\vendor\codeigniter4\framework\system\CodeIgniter.php(499): CodeIgniter\CodeIgniter->runController(Object(App\Controllers\Inbox))
#9 C:\NOVAL\App\mail-tracking-minerba\mail-tracking\starter\vendor\codeigniter4\framework\system\CodeIgniter.php(368): CodeIgniter\CodeIgniter->handleRequest(NULL, Object(Config\Cache), false)
#10 C:\NOVAL\App\mail-tracking-minerba\mail-tracking\starter\public\index.php(67): CodeIgniter\CodeIgniter->run()
#11 C:\NOVAL\App\mail-tracking-minerba\mail-tracking\starter\vendor\codeigniter4\framework\system\Commands\Server\rewrite.php(47): require_once('C:\\NOVAL\\App\\ma...')
#12 {main}

Next CodeIgniter\Database\Exceptions\DatabaseException: A connection attempt failed because the connected party did not properly respond after a period of time, or established connection failed because connected host has failed to respond in C:\NOVAL\App\mail-tracking-minerba\mail-tracking\starter\vendor\codeigniter4\framework\system\Database\MySQLi\Connection.php:218
Stack trace:
#0 C:\NOVAL\App\mail-tracking-minerba\mail-tracking\starter\vendor\codeigniter4\framework\system\Database\BaseConnection.php(391): CodeIgniter\Database\MySQLi\Connection->connect(false)
#1 C:\NOVAL\App\mail-tracking-minerba\mail-tracking\starter\vendor\codeigniter4\framework\system\Database\BaseConnection.php(573): CodeIgniter\Database\BaseConnection->initialize()
#2 C:\NOVAL\App\mail-tracking-minerba\mail-tracking\starter\vendor\codeigniter4\framework\system\Database\BaseBuilder.php(1602): CodeIgniter\Database\BaseConnection->query('SELECT *\nFROM `...', Array, false)
#3 C:\NOVAL\App\mail-tracking-minerba\mail-tracking\starter\vendor\codeigniter4\framework\system\Model.php(839): CodeIgniter\Database\BaseBuilder->get()
#4 C:\NOVAL\App\mail-tracking-minerba\mail-tracking\starter\app\Models\ModelInbox.php(18): CodeIgniter\Model->__call('get', Array)
#5 C:\NOVAL\App\mail-tracking-minerba\mail-tracking\starter\app\Controllers\Inbox.php(18): App\Models\ModelInbox->getInboxByRole('DJB')
#6 C:\NOVAL\App\mail-tracking-minerba\mail-tracking\starter\vendor\codeigniter4\framework\system\CodeIgniter.php(934): App\Controllers\Inbox->show('DJB')
#7 C:\NOVAL\App\mail-tracking-minerba\mail-tracking\starter\vendor\codeigniter4\framework\system\CodeIgniter.php(499): CodeIgniter\CodeIgniter->runController(Object(App\Controllers\Inbox))
#8 C:\NOVAL\App\mail-tracking-minerba\mail-tracking\starter\vendor\codeigniter4\framework\system\CodeIgniter.php(368): CodeIgniter\CodeIgniter->handleRequest(NULL, Object(Config\Cache), false)
#9 C:\NOVAL\App\mail-tracking-minerba\mail-tracking\starter\public\index.php(67): CodeIgniter\CodeIgniter->run()
#10 C:\NOVAL\App\mail-tracking-minerba\mail-tracking\starter\vendor\codeigniter4\framework\system\Commands\Server\rewrite.php(47): require_once('C:\\NOVAL\\App\\ma...')
#11 {main}
CRITICAL - 2023-01-31 05:09:34 --> Unable to connect to the database.
Main connection [MySQLi]: A connection attempt failed because the connected party did not properly respond after a period of time, or established connection failed because connected host has failed to respond
in SYSTEMPATH\Database\BaseConnection.php on line 427.
 1 SYSTEMPATH\Database\BaseConnection.php(573): CodeIgniter\Database\BaseConnection->initialize()
 2 SYSTEMPATH\Database\BaseBuilder.php(1602): CodeIgniter\Database\BaseConnection->query('SELECT *
FROM `v_inbox`
WHERE `to` = :to:', [...], false)
 3 SYSTEMPATH\Model.php(839): CodeIgniter\Database\BaseBuilder->get()
 4 APPPATH\Models\ModelInbox.php(18): CodeIgniter\Model->__call('get', [])
 5 APPPATH\Controllers\Inbox.php(18): App\Models\ModelInbox->getInboxByRole('DJB')
 6 SYSTEMPATH\CodeIgniter.php(934): App\Controllers\Inbox->show('DJB')
 7 SYSTEMPATH\CodeIgniter.php(499): CodeIgniter\CodeIgniter->runController(Object(App\Controllers\Inbox))
 8 SYSTEMPATH\CodeIgniter.php(368): CodeIgniter\CodeIgniter->handleRequest(null, Object(Config\Cache), false)
 9 FCPATH\index.php(67): CodeIgniter\CodeIgniter->run()
10 SYSTEMPATH\Commands\Server\rewrite.php(47): require_once('FCPATH\\index.php')
CRITICAL - 2023-01-31 06:47:37 --> Undefined variable $data
in APPPATH\Models\ModelInbox.php on line 27.
 1 APPPATH\Models\ModelInbox.php(27): CodeIgniter\Debug\Exceptions->errorHandler(2, 'Undefined variable $data', 'APPPATH\\Models\\ModelInbox.php', 27)
 2 APPPATH\Controllers\Inbox.php(28): App\Models\ModelInbox->saveData([...])
 3 SYSTEMPATH\CodeIgniter.php(934): App\Controllers\Inbox->create()
 4 SYSTEMPATH\CodeIgniter.php(499): CodeIgniter\CodeIgniter->runController(Object(App\Controllers\Inbox))
 5 SYSTEMPATH\CodeIgniter.php(368): CodeIgniter\CodeIgniter->handleRequest(null, Object(Config\Cache), false)
 6 FCPATH\index.php(67): CodeIgniter\CodeIgniter->run()
 7 SYSTEMPATH\Commands\Server\rewrite.php(47): require_once('FCPATH\\index.php')
CRITICAL - 2023-01-31 07:27:55 --> Cannot access offset of type string on string
in APPPATH\Controllers\Inbox.php on line 24.
 1 SYSTEMPATH\CodeIgniter.php(934): App\Controllers\Inbox->log()
 2 SYSTEMPATH\CodeIgniter.php(499): CodeIgniter\CodeIgniter->runController(Object(App\Controllers\Inbox))
 3 SYSTEMPATH\CodeIgniter.php(368): CodeIgniter\CodeIgniter->handleRequest(null, Object(Config\Cache), false)
 4 FCPATH\index.php(67): CodeIgniter\CodeIgniter->run()
 5 SYSTEMPATH\Commands\Server\rewrite.php(47): require_once('FCPATH\\index.php')
CRITICAL - 2023-01-31 07:29:29 --> Too few arguments to function App\Controllers\Inbox::log(), 0 passed in C:\NOVAL\App\mail-tracking-minerba\mail-tracking\starter\vendor\codeigniter4\framework\system\CodeIgniter.php on line 934 and exactly 1 expected
in APPPATH\Controllers\Inbox.php on line 21.
 1 SYSTEMPATH\CodeIgniter.php(934): App\Controllers\Inbox->log()
 2 SYSTEMPATH\CodeIgniter.php(499): CodeIgniter\CodeIgniter->runController(Object(App\Controllers\Inbox))
 3 SYSTEMPATH\CodeIgniter.php(368): CodeIgniter\CodeIgniter->handleRequest(null, Object(Config\Cache), false)
 4 FCPATH\index.php(67): CodeIgniter\CodeIgniter->run()
 5 SYSTEMPATH\Commands\Server\rewrite.php(47): require_once('FCPATH\\index.php')
CRITICAL - 2023-01-31 07:30:04 --> Too few arguments to function App\Controllers\Inbox::log(), 0 passed in C:\NOVAL\App\mail-tracking-minerba\mail-tracking\starter\vendor\codeigniter4\framework\system\CodeIgniter.php on line 934 and exactly 1 expected
in APPPATH\Controllers\Inbox.php on line 21.
 1 SYSTEMPATH\CodeIgniter.php(934): App\Controllers\Inbox->log()
 2 SYSTEMPATH\CodeIgniter.php(499): CodeIgniter\CodeIgniter->runController(Object(App\Controllers\Inbox))
 3 SYSTEMPATH\CodeIgniter.php(368): CodeIgniter\CodeIgniter->handleRequest(null, Object(Config\Cache), false)
 4 FCPATH\index.php(67): CodeIgniter\CodeIgniter->run()
 5 SYSTEMPATH\Commands\Server\rewrite.php(47): require_once('FCPATH\\index.php')
CRITICAL - 2023-01-31 07:30:05 --> Too few arguments to function App\Controllers\Inbox::log(), 0 passed in C:\NOVAL\App\mail-tracking-minerba\mail-tracking\starter\vendor\codeigniter4\framework\system\CodeIgniter.php on line 934 and exactly 1 expected
in APPPATH\Controllers\Inbox.php on line 21.
 1 SYSTEMPATH\CodeIgniter.php(934): App\Controllers\Inbox->log()
 2 SYSTEMPATH\CodeIgniter.php(499): CodeIgniter\CodeIgniter->runController(Object(App\Controllers\Inbox))
 3 SYSTEMPATH\CodeIgniter.php(368): CodeIgniter\CodeIgniter->handleRequest(null, Object(Config\Cache), false)
 4 FCPATH\index.php(67): CodeIgniter\CodeIgniter->run()
 5 SYSTEMPATH\Commands\Server\rewrite.php(47): require_once('FCPATH\\index.php')
CRITICAL - 2023-01-31 07:30:33 --> Too few arguments to function App\Controllers\Inbox::log(), 0 passed in C:\NOVAL\App\mail-tracking-minerba\mail-tracking\starter\vendor\codeigniter4\framework\system\CodeIgniter.php on line 934 and exactly 1 expected
in APPPATH\Controllers\Inbox.php on line 21.
 1 SYSTEMPATH\CodeIgniter.php(934): App\Controllers\Inbox->log()
 2 SYSTEMPATH\CodeIgniter.php(499): CodeIgniter\CodeIgniter->runController(Object(App\Controllers\Inbox))
 3 SYSTEMPATH\CodeIgniter.php(368): CodeIgniter\CodeIgniter->handleRequest(null, Object(Config\Cache), false)
 4 FCPATH\index.php(67): CodeIgniter\CodeIgniter->run()
 5 SYSTEMPATH\Commands\Server\rewrite.php(47): require_once('FCPATH\\index.php')
CRITICAL - 2023-01-31 08:15:13 --> Call to undefined function App\Models\getMaxSequenceByAgendaNumber()
in APPPATH\Models\ModelInbox.php on line 28.
 1 APPPATH\Controllers\Inbox.php(24): App\Models\ModelInbox->getLog('0001/MB.01//2023')
 2 SYSTEMPATH\CodeIgniter.php(934): App\Controllers\Inbox->log()
 3 SYSTEMPATH\CodeIgniter.php(499): CodeIgniter\CodeIgniter->runController(Object(App\Controllers\Inbox))
 4 SYSTEMPATH\CodeIgniter.php(368): CodeIgniter\CodeIgniter->handleRequest(null, Object(Config\Cache), false)
 5 FCPATH\index.php(67): CodeIgniter\CodeIgniter->run()
 6 SYSTEMPATH\Commands\Server\rewrite.php(47): require_once('FCPATH\\index.php')
CRITICAL - 2023-01-31 08:15:44 --> Call to undefined method CodeIgniter\Database\MySQLi\Builder::first()
in APPPATH\Models\ModelInbox.php on line 36.
 1 APPPATH\Models\ModelInbox.php(28): App\Models\ModelInbox->getMaxSequenceByAgendaNumber('0001/MB.01//2023')
 2 APPPATH\Controllers\Inbox.php(24): App\Models\ModelInbox->getLog('0001/MB.01//2023')
 3 SYSTEMPATH\CodeIgniter.php(934): App\Controllers\Inbox->log()
 4 SYSTEMPATH\CodeIgniter.php(499): CodeIgniter\CodeIgniter->runController(Object(App\Controllers\Inbox))
 5 SYSTEMPATH\CodeIgniter.php(368): CodeIgniter\CodeIgniter->handleRequest(null, Object(Config\Cache), false)
 6 FCPATH\index.php(67): CodeIgniter\CodeIgniter->run()
 7 SYSTEMPATH\Commands\Server\rewrite.php(47): require_once('FCPATH\\index.php')
CRITICAL - 2023-01-31 08:16:06 --> Call to undefined method CodeIgniter\Database\MySQLi\Result::first()
in APPPATH\Models\ModelInbox.php on line 36.
 1 APPPATH\Models\ModelInbox.php(28): App\Models\ModelInbox->getMaxSequenceByAgendaNumber('0001/MB.01//2023')
 2 APPPATH\Controllers\Inbox.php(24): App\Models\ModelInbox->getLog('0001/MB.01//2023')
 3 SYSTEMPATH\CodeIgniter.php(934): App\Controllers\Inbox->log()
 4 SYSTEMPATH\CodeIgniter.php(499): CodeIgniter\CodeIgniter->runController(Object(App\Controllers\Inbox))
 5 SYSTEMPATH\CodeIgniter.php(368): CodeIgniter\CodeIgniter->handleRequest(null, Object(Config\Cache), false)
 6 FCPATH\index.php(67): CodeIgniter\CodeIgniter->run()
 7 SYSTEMPATH\Commands\Server\rewrite.php(47): require_once('FCPATH\\index.php')
CRITICAL - 2023-01-31 08:23:10 --> array_chunk(): Argument #2 ($length) must be greater than 0
in APPPATH\Controllers\Inbox.php on line 33.
 1 APPPATH\Controllers\Inbox.php(33): array_chunk([], 0, true)
 2 SYSTEMPATH\CodeIgniter.php(934): App\Controllers\Inbox->create()
 3 SYSTEMPATH\CodeIgniter.php(499): CodeIgniter\CodeIgniter->runController(Object(App\Controllers\Inbox))
 4 SYSTEMPATH\CodeIgniter.php(368): CodeIgniter\CodeIgniter->handleRequest(null, Object(Config\Cache), false)
 5 FCPATH\index.php(67): CodeIgniter\CodeIgniter->run()
 6 SYSTEMPATH\Commands\Server\rewrite.php(47): require_once('FCPATH\\index.php')
CRITICAL - 2023-01-31 15:17:44 --> whereIn() expects $values to be of type array or closure
in SYSTEMPATH\Database\BaseBuilder.php on line 926.
 1 SYSTEMPATH\Database\BaseBuilder.php(813): CodeIgniter\Database\BaseBuilder->_whereIn('to', null, false, 'AND ', null)
 2 SYSTEMPATH\Model.php(839): CodeIgniter\Database\BaseBuilder->whereIn('to', null)
 3 APPPATH\Models\ModelInbox.php(18): CodeIgniter\Model->__call('whereIn', [...])
 4 APPPATH\Controllers\Inbox.php(20): App\Models\ModelInbox->getInboxByRole(null)
 5 SYSTEMPATH\CodeIgniter.php(934): App\Controllers\Inbox->show()
 6 SYSTEMPATH\CodeIgniter.php(499): CodeIgniter\CodeIgniter->runController(Object(App\Controllers\Inbox))
 7 SYSTEMPATH\CodeIgniter.php(368): CodeIgniter\CodeIgniter->handleRequest(null, Object(Config\Cache), false)
 8 FCPATH\index.php(67): CodeIgniter\CodeIgniter->run()
 9 SYSTEMPATH\Commands\Server\rewrite.php(47): require_once('FCPATH\\index.php')
CRITICAL - 2023-01-31 15:19:51 --> whereIn() expects $values to be of type array or closure
in SYSTEMPATH\Database\BaseBuilder.php on line 926.
 1 SYSTEMPATH\Database\BaseBuilder.php(813): CodeIgniter\Database\BaseBuilder->_whereIn('to', null, false, 'AND ', null)
 2 SYSTEMPATH\Model.php(839): CodeIgniter\Database\BaseBuilder->whereIn('to', null)
 3 APPPATH\Models\ModelInbox.php(18): CodeIgniter\Model->__call('whereIn', [...])
 4 APPPATH\Controllers\Inbox.php(20): App\Models\ModelInbox->getInboxByRole(null)
 5 SYSTEMPATH\CodeIgniter.php(934): App\Controllers\Inbox->show()
 6 SYSTEMPATH\CodeIgniter.php(499): CodeIgniter\CodeIgniter->runController(Object(App\Controllers\Inbox))
 7 SYSTEMPATH\CodeIgniter.php(368): CodeIgniter\CodeIgniter->handleRequest(null, Object(Config\Cache), false)
 8 FCPATH\index.php(67): CodeIgniter\CodeIgniter->run()
 9 SYSTEMPATH\Commands\Server\rewrite.php(47): require_once('FCPATH\\index.php')
CRITICAL - 2023-01-31 15:21:27 --> whereIn() expects $values to be of type array or closure
in SYSTEMPATH\Database\BaseBuilder.php on line 926.
 1 SYSTEMPATH\Database\BaseBuilder.php(813): CodeIgniter\Database\BaseBuilder->_whereIn('to', null, false, 'AND ', null)
 2 SYSTEMPATH\Model.php(839): CodeIgniter\Database\BaseBuilder->whereIn('to', null)
 3 APPPATH\Models\ModelInbox.php(18): CodeIgniter\Model->__call('whereIn', [...])
 4 APPPATH\Controllers\Inbox.php(20): App\Models\ModelInbox->getInboxByRole(null)
 5 SYSTEMPATH\CodeIgniter.php(934): App\Controllers\Inbox->showData()
 6 SYSTEMPATH\CodeIgniter.php(499): CodeIgniter\CodeIgniter->runController(Object(App\Controllers\Inbox))
 7 SYSTEMPATH\CodeIgniter.php(368): CodeIgniter\CodeIgniter->handleRequest(null, Object(Config\Cache), false)
 8 FCPATH\index.php(67): CodeIgniter\CodeIgniter->run()
 9 SYSTEMPATH\Commands\Server\rewrite.php(47): require_once('FCPATH\\index.php')
CRITICAL - 2023-01-31 15:24:32 --> whereIn() expects $values to be of type array or closure
in SYSTEMPATH\Database\BaseBuilder.php on line 926.
 1 SYSTEMPATH\Database\BaseBuilder.php(813): CodeIgniter\Database\BaseBuilder->_whereIn('to', null, false, 'AND ', null)
 2 SYSTEMPATH\Model.php(839): CodeIgniter\Database\BaseBuilder->whereIn('to', null)
 3 APPPATH\Models\ModelInbox.php(18): CodeIgniter\Model->__call('whereIn', [...])
 4 APPPATH\Controllers\Inbox.php(20): App\Models\ModelInbox->getInboxByRole(null)
 5 SYSTEMPATH\CodeIgniter.php(934): App\Controllers\Inbox->showData()
 6 SYSTEMPATH\CodeIgniter.php(499): CodeIgniter\CodeIgniter->runController(Object(App\Controllers\Inbox))
 7 SYSTEMPATH\CodeIgniter.php(368): CodeIgniter\CodeIgniter->handleRequest(null, Object(Config\Cache), false)
 8 FCPATH\index.php(67): CodeIgniter\CodeIgniter->run()
 9 SYSTEMPATH\Commands\Server\rewrite.php(47): require_once('FCPATH\\index.php')
CRITICAL - 2023-01-31 15:25:11 --> whereIn() expects $values to be of type array or closure
in SYSTEMPATH\Database\BaseBuilder.php on line 926.
 1 SYSTEMPATH\Database\BaseBuilder.php(813): CodeIgniter\Database\BaseBuilder->_whereIn('to', null, false, 'AND ', null)
 2 SYSTEMPATH\Model.php(839): CodeIgniter\Database\BaseBuilder->whereIn('to', null)
 3 APPPATH\Models\ModelInbox.php(18): CodeIgniter\Model->__call('whereIn', [...])
 4 APPPATH\Controllers\Inbox.php(20): App\Models\ModelInbox->getInboxByRole(null)
 5 SYSTEMPATH\CodeIgniter.php(934): App\Controllers\Inbox->showData()
 6 SYSTEMPATH\CodeIgniter.php(499): CodeIgniter\CodeIgniter->runController(Object(App\Controllers\Inbox))
 7 SYSTEMPATH\CodeIgniter.php(368): CodeIgniter\CodeIgniter->handleRequest(null, Object(Config\Cache), false)
 8 FCPATH\index.php(67): CodeIgniter\CodeIgniter->run()
 9 SYSTEMPATH\Commands\Server\rewrite.php(47): require_once('FCPATH\\index.php')
CRITICAL - 2023-01-31 15:25:38 --> whereIn() expects $values to be of type array or closure
in SYSTEMPATH\Database\BaseBuilder.php on line 926.
 1 SYSTEMPATH\Database\BaseBuilder.php(813): CodeIgniter\Database\BaseBuilder->_whereIn('to', null, false, 'AND ', null)
 2 SYSTEMPATH\Model.php(839): CodeIgniter\Database\BaseBuilder->whereIn('to', null)
 3 APPPATH\Models\ModelInbox.php(18): CodeIgniter\Model->__call('whereIn', [...])
 4 APPPATH\Controllers\Inbox.php(20): App\Models\ModelInbox->getInboxByRole(null)
 5 SYSTEMPATH\CodeIgniter.php(934): App\Controllers\Inbox->showData()
 6 SYSTEMPATH\CodeIgniter.php(499): CodeIgniter\CodeIgniter->runController(Object(App\Controllers\Inbox))
 7 SYSTEMPATH\CodeIgniter.php(368): CodeIgniter\CodeIgniter->handleRequest(null, Object(Config\Cache), false)
 8 FCPATH\index.php(67): CodeIgniter\CodeIgniter->run()
 9 SYSTEMPATH\Commands\Server\rewrite.php(47): require_once('FCPATH\\index.php')
CRITICAL - 2023-01-31 15:26:03 --> whereIn() expects $values to be of type array or closure
in SYSTEMPATH\Database\BaseBuilder.php on line 926.
 1 SYSTEMPATH\Database\BaseBuilder.php(813): CodeIgniter\Database\BaseBuilder->_whereIn('to', null, false, 'AND ', null)
 2 SYSTEMPATH\Model.php(839): CodeIgniter\Database\BaseBuilder->whereIn('to', null)
 3 APPPATH\Models\ModelInbox.php(18): CodeIgniter\Model->__call('whereIn', [...])
 4 APPPATH\Controllers\Inbox.php(20): App\Models\ModelInbox->getInboxByRole(null)
 5 SYSTEMPATH\CodeIgniter.php(934): App\Controllers\Inbox->showData()
 6 SYSTEMPATH\CodeIgniter.php(499): CodeIgniter\CodeIgniter->runController(Object(App\Controllers\Inbox))
 7 SYSTEMPATH\CodeIgniter.php(368): CodeIgniter\CodeIgniter->handleRequest(null, Object(Config\Cache), false)
 8 FCPATH\index.php(67): CodeIgniter\CodeIgniter->run()
 9 SYSTEMPATH\Commands\Server\rewrite.php(47): require_once('FCPATH\\index.php')
CRITICAL - 2023-01-31 15:41:49 --> Cannot access offset of type string on string
in APPPATH\Controllers\Inbox.php on line 19.
 1 SYSTEMPATH\CodeIgniter.php(934): App\Controllers\Inbox->showData()
 2 SYSTEMPATH\CodeIgniter.php(499): CodeIgniter\CodeIgniter->runController(Object(App\Controllers\Inbox))
 3 SYSTEMPATH\CodeIgniter.php(368): CodeIgniter\CodeIgniter->handleRequest(null, Object(Config\Cache), false)
 4 FCPATH\index.php(67): CodeIgniter\CodeIgniter->run()
 5 SYSTEMPATH\Commands\Server\rewrite.php(47): require_once('FCPATH\\index.php')
CRITICAL - 2023-01-31 15:43:01 --> Cannot use object of type stdClass as array
in APPPATH\Controllers\Inbox.php on line 20.
 1 SYSTEMPATH\CodeIgniter.php(934): App\Controllers\Inbox->showData()
 2 SYSTEMPATH\CodeIgniter.php(499): CodeIgniter\CodeIgniter->runController(Object(App\Controllers\Inbox))
 3 SYSTEMPATH\CodeIgniter.php(368): CodeIgniter\CodeIgniter->handleRequest(null, Object(Config\Cache), false)
 4 FCPATH\index.php(67): CodeIgniter\CodeIgniter->run()
 5 SYSTEMPATH\Commands\Server\rewrite.php(47): require_once('FCPATH\\index.php')
CRITICAL - 2023-01-31 15:43:24 --> Object of class stdClass could not be converted to string
in APPPATH\Controllers\Inbox.php on line 24.
 1 SYSTEMPATH\CodeIgniter.php(934): App\Controllers\Inbox->showData()
 2 SYSTEMPATH\CodeIgniter.php(499): CodeIgniter\CodeIgniter->runController(Object(App\Controllers\Inbox))
 3 SYSTEMPATH\CodeIgniter.php(368): CodeIgniter\CodeIgniter->handleRequest(null, Object(Config\Cache), false)
 4 FCPATH\index.php(67): CodeIgniter\CodeIgniter->run()
 5 SYSTEMPATH\Commands\Server\rewrite.php(47): require_once('FCPATH\\index.php')
CRITICAL - 2023-01-31 15:44:04 --> json_decode(): Passing null to parameter #1 ($json) of type string is deprecated
in APPPATH\Controllers\Inbox.php on line 19.
 1 [internal function]: CodeIgniter\Debug\Exceptions->errorHandler(8192, 'json_decode(): Passing null to parameter #1 ($json) of type string is deprecated', 'APPPATH\\Controllers\\Inbox.php', 19)
 2 APPPATH\Controllers\Inbox.php(19): json_decode(null)
 3 SYSTEMPATH\CodeIgniter.php(934): App\Controllers\Inbox->showData()
 4 SYSTEMPATH\CodeIgniter.php(499): CodeIgniter\CodeIgniter->runController(Object(App\Controllers\Inbox))
 5 SYSTEMPATH\CodeIgniter.php(368): CodeIgniter\CodeIgniter->handleRequest(null, Object(Config\Cache), false)
 6 FCPATH\index.php(67): CodeIgniter\CodeIgniter->run()
 7 SYSTEMPATH\Commands\Server\rewrite.php(47): require_once('FCPATH\\index.php')
CRITICAL - 2023-01-31 15:44:06 --> json_decode(): Passing null to parameter #1 ($json) of type string is deprecated
in APPPATH\Controllers\Inbox.php on line 19.
 1 [internal function]: CodeIgniter\Debug\Exceptions->errorHandler(8192, 'json_decode(): Passing null to parameter #1 ($json) of type string is deprecated', 'APPPATH\\Controllers\\Inbox.php', 19)
 2 APPPATH\Controllers\Inbox.php(19): json_decode(null)
 3 SYSTEMPATH\CodeIgniter.php(934): App\Controllers\Inbox->showData()
 4 SYSTEMPATH\CodeIgniter.php(499): CodeIgniter\CodeIgniter->runController(Object(App\Controllers\Inbox))
 5 SYSTEMPATH\CodeIgniter.php(368): CodeIgniter\CodeIgniter->handleRequest(null, Object(Config\Cache), false)
 6 FCPATH\index.php(67): CodeIgniter\CodeIgniter->run()
 7 SYSTEMPATH\Commands\Server\rewrite.php(47): require_once('FCPATH\\index.php')
CRITICAL - 2023-01-31 15:44:07 --> json_decode(): Passing null to parameter #1 ($json) of type string is deprecated
in APPPATH\Controllers\Inbox.php on line 19.
 1 [internal function]: CodeIgniter\Debug\Exceptions->errorHandler(8192, 'json_decode(): Passing null to parameter #1 ($json) of type string is deprecated', 'APPPATH\\Controllers\\Inbox.php', 19)
 2 APPPATH\Controllers\Inbox.php(19): json_decode(null)
 3 SYSTEMPATH\CodeIgniter.php(934): App\Controllers\Inbox->showData()
 4 SYSTEMPATH\CodeIgniter.php(499): CodeIgniter\CodeIgniter->runController(Object(App\Controllers\Inbox))
 5 SYSTEMPATH\CodeIgniter.php(368): CodeIgniter\CodeIgniter->handleRequest(null, Object(Config\Cache), false)
 6 FCPATH\index.php(67): CodeIgniter\CodeIgniter->run()
 7 SYSTEMPATH\Commands\Server\rewrite.php(47): require_once('FCPATH\\index.php')
CRITICAL - 2023-01-31 15:45:42 --> json_decode(): Passing null to parameter #1 ($json) of type string is deprecated
in APPPATH\Controllers\Inbox.php on line 19.
 1 [internal function]: CodeIgniter\Debug\Exceptions->errorHandler(8192, 'json_decode(): Passing null to parameter #1 ($json) of type string is deprecated', 'APPPATH\\Controllers\\Inbox.php', 19)
 2 APPPATH\Controllers\Inbox.php(19): json_decode(null)
 3 SYSTEMPATH\CodeIgniter.php(934): App\Controllers\Inbox->showData()
 4 SYSTEMPATH\CodeIgniter.php(499): CodeIgniter\CodeIgniter->runController(Object(App\Controllers\Inbox))
 5 SYSTEMPATH\CodeIgniter.php(368): CodeIgniter\CodeIgniter->handleRequest(null, Object(Config\Cache), false)
 6 FCPATH\index.php(67): CodeIgniter\CodeIgniter->run()
 7 SYSTEMPATH\Commands\Server\rewrite.php(47): require_once('FCPATH\\index.php')
CRITICAL - 2023-01-31 15:46:06 --> Trying to access array offset on value of type null
in APPPATH\Controllers\Inbox.php on line 20.
 1 APPPATH\Controllers\Inbox.php(20): CodeIgniter\Debug\Exceptions->errorHandler(2, 'Trying to access array offset on value of type null', 'APPPATH\\Controllers\\Inbox.php', 20)
 2 SYSTEMPATH\CodeIgniter.php(934): App\Controllers\Inbox->showData()
 3 SYSTEMPATH\CodeIgniter.php(499): CodeIgniter\CodeIgniter->runController(Object(App\Controllers\Inbox))
 4 SYSTEMPATH\CodeIgniter.php(368): CodeIgniter\CodeIgniter->handleRequest(null, Object(Config\Cache), false)
 5 FCPATH\index.php(67): CodeIgniter\CodeIgniter->run()
 6 SYSTEMPATH\Commands\Server\rewrite.php(47): require_once('FCPATH\\index.php')
CRITICAL - 2023-01-31 15:48:56 --> json_decode(): Passing null to parameter #1 ($json) of type string is deprecated
in APPPATH\Controllers\Inbox.php on line 19.
 1 [internal function]: CodeIgniter\Debug\Exceptions->errorHandler(8192, 'json_decode(): Passing null to parameter #1 ($json) of type string is deprecated', 'APPPATH\\Controllers\\Inbox.php', 19)
 2 APPPATH\Controllers\Inbox.php(19): json_decode(null)
 3 SYSTEMPATH\CodeIgniter.php(934): App\Controllers\Inbox->showData()
 4 SYSTEMPATH\CodeIgniter.php(499): CodeIgniter\CodeIgniter->runController(Object(App\Controllers\Inbox))
 5 SYSTEMPATH\CodeIgniter.php(368): CodeIgniter\CodeIgniter->handleRequest(null, Object(Config\Cache), false)
 6 FCPATH\index.php(67): CodeIgniter\CodeIgniter->run()
 7 SYSTEMPATH\Commands\Server\rewrite.php(47): require_once('FCPATH\\index.php')
CRITICAL - 2023-01-31 15:49:27 --> json_decode(): Passing null to parameter #1 ($json) of type string is deprecated
in APPPATH\Controllers\Inbox.php on line 19.
 1 [internal function]: CodeIgniter\Debug\Exceptions->errorHandler(8192, 'json_decode(): Passing null to parameter #1 ($json) of type string is deprecated', 'APPPATH\\Controllers\\Inbox.php', 19)
 2 APPPATH\Controllers\Inbox.php(19): json_decode(null)
 3 SYSTEMPATH\CodeIgniter.php(934): App\Controllers\Inbox->showData()
 4 SYSTEMPATH\CodeIgniter.php(499): CodeIgniter\CodeIgniter->runController(Object(App\Controllers\Inbox))
 5 SYSTEMPATH\CodeIgniter.php(368): CodeIgniter\CodeIgniter->handleRequest(null, Object(Config\Cache), false)
 6 FCPATH\index.php(67): CodeIgniter\CodeIgniter->run()
 7 SYSTEMPATH\Commands\Server\rewrite.php(47): require_once('FCPATH\\index.php')
CRITICAL - 2023-01-31 15:50:11 --> json_decode(): Argument #1 ($json) must be of type string, array given
in APPPATH\Controllers\Inbox.php on line 19.
 1 APPPATH\Controllers\Inbox.php(19): json_decode([...])
 2 SYSTEMPATH\CodeIgniter.php(934): App\Controllers\Inbox->showData()
 3 SYSTEMPATH\CodeIgniter.php(499): CodeIgniter\CodeIgniter->runController(Object(App\Controllers\Inbox))
 4 SYSTEMPATH\CodeIgniter.php(368): CodeIgniter\CodeIgniter->handleRequest(null, Object(Config\Cache), false)
 5 FCPATH\index.php(67): CodeIgniter\CodeIgniter->run()
 6 SYSTEMPATH\Commands\Server\rewrite.php(47): require_once('FCPATH\\index.php')
CRITICAL - 2023-01-31 15:50:34 --> Undefined variable $param
in APPPATH\Controllers\Inbox.php on line 24.
 1 APPPATH\Controllers\Inbox.php(24): CodeIgniter\Debug\Exceptions->errorHandler(2, 'Undefined variable $param', 'APPPATH\\Controllers\\Inbox.php', 24)
 2 SYSTEMPATH\CodeIgniter.php(934): App\Controllers\Inbox->showData()
 3 SYSTEMPATH\CodeIgniter.php(499): CodeIgniter\CodeIgniter->runController(Object(App\Controllers\Inbox))
 4 SYSTEMPATH\CodeIgniter.php(368): CodeIgniter\CodeIgniter->handleRequest(null, Object(Config\Cache), false)
 5 FCPATH\index.php(67): CodeIgniter\CodeIgniter->run()
 6 SYSTEMPATH\Commands\Server\rewrite.php(47): require_once('FCPATH\\index.php')
CRITICAL - 2023-01-31 15:50:52 --> Undefined variable $param
in APPPATH\Controllers\Inbox.php on line 24.
 1 APPPATH\Controllers\Inbox.php(24): CodeIgniter\Debug\Exceptions->errorHandler(2, 'Undefined variable $param', 'APPPATH\\Controllers\\Inbox.php', 24)
 2 SYSTEMPATH\CodeIgniter.php(934): App\Controllers\Inbox->showData()
 3 SYSTEMPATH\CodeIgniter.php(499): CodeIgniter\CodeIgniter->runController(Object(App\Controllers\Inbox))
 4 SYSTEMPATH\CodeIgniter.php(368): CodeIgniter\CodeIgniter->handleRequest(null, Object(Config\Cache), false)
 5 FCPATH\index.php(67): CodeIgniter\CodeIgniter->run()
 6 SYSTEMPATH\Commands\Server\rewrite.php(47): require_once('FCPATH\\index.php')
CRITICAL - 2023-01-31 15:50:57 --> Undefined variable $param
in APPPATH\Controllers\Inbox.php on line 24.
 1 APPPATH\Controllers\Inbox.php(24): CodeIgniter\Debug\Exceptions->errorHandler(2, 'Undefined variable $param', 'APPPATH\\Controllers\\Inbox.php', 24)
 2 SYSTEMPATH\CodeIgniter.php(934): App\Controllers\Inbox->showData()
 3 SYSTEMPATH\CodeIgniter.php(499): CodeIgniter\CodeIgniter->runController(Object(App\Controllers\Inbox))
 4 SYSTEMPATH\CodeIgniter.php(368): CodeIgniter\CodeIgniter->handleRequest(null, Object(Config\Cache), false)
 5 FCPATH\index.php(67): CodeIgniter\CodeIgniter->run()
 6 SYSTEMPATH\Commands\Server\rewrite.php(47): require_once('FCPATH\\index.php')
CRITICAL - 2023-01-31 15:52:27 --> Cannot access offset of type string on string
in APPPATH\Controllers\Inbox.php on line 24.
 1 SYSTEMPATH\CodeIgniter.php(934): App\Controllers\Inbox->showData()
 2 SYSTEMPATH\CodeIgniter.php(499): CodeIgniter\CodeIgniter->runController(Object(App\Controllers\Inbox))
 3 SYSTEMPATH\CodeIgniter.php(368): CodeIgniter\CodeIgniter->handleRequest(null, Object(Config\Cache), false)
 4 FCPATH\index.php(67): CodeIgniter\CodeIgniter->run()
 5 SYSTEMPATH\Commands\Server\rewrite.php(47): require_once('FCPATH\\index.php')
CRITICAL - 2023-01-31 15:53:17 --> Cannot use object of type stdClass as array
in APPPATH\Controllers\Inbox.php on line 24.
 1 SYSTEMPATH\CodeIgniter.php(934): App\Controllers\Inbox->showData()
 2 SYSTEMPATH\CodeIgniter.php(499): CodeIgniter\CodeIgniter->runController(Object(App\Controllers\Inbox))
 3 SYSTEMPATH\CodeIgniter.php(368): CodeIgniter\CodeIgniter->handleRequest(null, Object(Config\Cache), false)
 4 FCPATH\index.php(67): CodeIgniter\CodeIgniter->run()
 5 SYSTEMPATH\Commands\Server\rewrite.php(47): require_once('FCPATH\\index.php')
CRITICAL - 2023-01-31 15:53:38 --> Cannot use object of type stdClass as array
in APPPATH\Controllers\Inbox.php on line 24.
 1 SYSTEMPATH\CodeIgniter.php(934): App\Controllers\Inbox->showData()
 2 SYSTEMPATH\CodeIgniter.php(499): CodeIgniter\CodeIgniter->runController(Object(App\Controllers\Inbox))
 3 SYSTEMPATH\CodeIgniter.php(368): CodeIgniter\CodeIgniter->handleRequest(null, Object(Config\Cache), false)
 4 FCPATH\index.php(67): CodeIgniter\CodeIgniter->run()
 5 SYSTEMPATH\Commands\Server\rewrite.php(47): require_once('FCPATH\\index.php')
CRITICAL - 2023-01-31 15:55:38 --> Undefined variable $test
in APPPATH\Controllers\Inbox.php on line 21.
 1 APPPATH\Controllers\Inbox.php(21): CodeIgniter\Debug\Exceptions->errorHandler(2, 'Undefined variable $test', 'APPPATH\\Controllers\\Inbox.php', 21)
 2 SYSTEMPATH\CodeIgniter.php(934): App\Controllers\Inbox->showData()
 3 SYSTEMPATH\CodeIgniter.php(499): CodeIgniter\CodeIgniter->runController(Object(App\Controllers\Inbox))
 4 SYSTEMPATH\CodeIgniter.php(368): CodeIgniter\CodeIgniter->handleRequest(null, Object(Config\Cache), false)
 5 FCPATH\index.php(67): CodeIgniter\CodeIgniter->run()
 6 SYSTEMPATH\Commands\Server\rewrite.php(47): require_once('FCPATH\\index.php')
ERROR - 2023-01-31 20:45:09 --> mysqli_sql_exception: Column count doesn't match value count at row 1 in C:\NOVAL\App\mail-tracking-minerba\mail-tracking\starter\vendor\codeigniter4\framework\system\Database\MySQLi\Connection.php:295
Stack trace:
#0 C:\NOVAL\App\mail-tracking-minerba\mail-tracking\starter\vendor\codeigniter4\framework\system\Database\MySQLi\Connection.php(295): mysqli->query('INSERT INTO `tr...', 0)
#1 C:\NOVAL\App\mail-tracking-minerba\mail-tracking\starter\vendor\codeigniter4\framework\system\Database\BaseConnection.php(691): CodeIgniter\Database\MySQLi\Connection->execute('INSERT INTO `tr...')
#2 C:\NOVAL\App\mail-tracking-minerba\mail-tracking\starter\vendor\codeigniter4\framework\system\Database\BaseConnection.php(605): CodeIgniter\Database\BaseConnection->simpleQuery('INSERT INTO `tr...')
#3 C:\NOVAL\App\mail-tracking-minerba\mail-tracking\starter\vendor\codeigniter4\framework\system\Database\BaseBuilder.php(1787): CodeIgniter\Database\BaseConnection->query('INSERT INTO `tr...', NULL, false)
#4 C:\NOVAL\App\mail-tracking-minerba\mail-tracking\starter\vendor\codeigniter4\framework\system\Database\BaseBuilder.php(2178): CodeIgniter\Database\BaseBuilder->batchExecute('_insertBatch', 100)
#5 C:\NOVAL\App\mail-tracking-minerba\mail-tracking\starter\app\Models\ModelTracking.php(35): CodeIgniter\Database\BaseBuilder->insertBatch(Array)
#6 C:\NOVAL\App\mail-tracking-minerba\mail-tracking\starter\app\Controllers\Tracking.php(281): App\Models\ModelTracking->saveData(Array)
#7 C:\NOVAL\App\mail-tracking-minerba\mail-tracking\starter\vendor\codeigniter4\framework\system\CodeIgniter.php(934): App\Controllers\Tracking->create()
#8 C:\NOVAL\App\mail-tracking-minerba\mail-tracking\starter\vendor\codeigniter4\framework\system\CodeIgniter.php(499): CodeIgniter\CodeIgniter->runController(Object(App\Controllers\Tracking))
#9 C:\NOVAL\App\mail-tracking-minerba\mail-tracking\starter\vendor\codeigniter4\framework\system\CodeIgniter.php(368): CodeIgniter\CodeIgniter->handleRequest(NULL, Object(Config\Cache), false)
#10 C:\NOVAL\App\mail-tracking-minerba\mail-tracking\starter\public\index.php(67): CodeIgniter\CodeIgniter->run()
#11 C:\NOVAL\App\mail-tracking-minerba\mail-tracking\starter\vendor\codeigniter4\framework\system\Commands\Server\rewrite.php(47): require_once('C:\\NOVAL\\App\\ma...')
#12 {main}
CRITICAL - 2023-01-31 20:45:09 --> Column count doesn't match value count at row 1
in SYSTEMPATH\Database\BaseConnection.php on line 645.
 1 SYSTEMPATH\Database\BaseBuilder.php(1787): CodeIgniter\Database\BaseConnection->query('INSERT INTO `tracking` ()
VALUES (\'0002/MB.01//2022\',\'198412192009021001\',\'2023-02-01T02:45:09.190Z\',\'Upload\',\'Laporan Satgas Penyelesaian Perizinan Mineral dan Batubara Periode sampai dengan tanggal 29 Desember 2022\',\'Sekretariat Direktorat Jenderal Mineral dan Batubara ABCDE\',\'N\',\'Laporan Satgas Penyelesaian Perizinan Mineral dan Batubara Periode sampai dengan tanggal 29 Desember 2022\',\'1/MB.01/SDB.L/2023\',\'01-01-2023\',\'01-01-2022\',2,\'DJB\',\'Segera\'), (\'0003/MB.01//2023\',\'198412192009021001\',\'2023-02-01T02:45:09.190Z\',\'Upload\',\'Hasil Pembahasan Satgas Perizinan 30 Desember 2022\',\'Sekretariat Direktorat Jenderal Mineral dan Batubara\',\'N\',\'Hasil Pembahasan Satgas Perizinan 30 Desember 2022\',\'2/MB.01/SDB.L/2023\',\'01-01-2025\',\'01-01-2023\',3,\'DBP\',\'Segera\'), (\'0003/MB.01//2023\',\'198412192009021001\',\'2023-02-01T02:45:09.190Z\',\'Upload\',\'Hasil Pembahasan Satgas Perizinan 30 Desember 2022\',\'Sekretariat Direktorat Jenderal Mineral dan Batubara\',\'N\',\'Hasil Pembahasan Satgas Perizinan 30 Desember 2022\',\'2/MB.01/SDB.L/2023\',\'01-01-2025\',\'01-01-2023\',3,\'DBM\',\'Segera\'), (\'0003/MB.01//2023\',\'198412192009021001\',\'2023-02-01T02:45:09.190Z\',\'Upload\',\'Hasil Pembahasan Satgas Perizinan 30 Desember 2022\',\'Sekretariat Direktorat Jenderal Mineral dan Batubara\',\'N\',\'Hasil Pembahasan Satgas Perizinan 30 Desember 2022\',\'2/MB.01/SDB.L/2023\',\'01-01-2025\',\'01-01-2023\',3,\'DBB\',\'Segera\'), (\'0003/MB.01//2023\',\'198412192009021001\',\'2023-02-01T02:45:09.190Z\',\'Upload\',\'Hasil Pembahasan Satgas Perizinan 30 Desember 2022\',\'Sekretariat Direktorat Jenderal Mineral dan Batubara\',\'N\',\'Hasil Pembahasan Satgas Perizinan 30 Desember 2022\',\'2/MB.01/SDB.L/2023\',\'01-01-2025\',\'01-01-2023\',3,\'DBN\',\'Segera\'), (\'0003/MB.01//2023\',\'198412192009021001\',\'2023-02-01T02:45:09.190Z\',\'Upload\',\'Hasil Pembahasan Satgas Perizinan 30 Desember 2022\',\'Sekretariat Direktorat Jenderal Mineral dan Batubara\',\'N\',\'Hasil Pembahasan Satgas Perizinan 30 Desember 2022\',\'2/MB.01/SDB.L/2023\',\'01-01-2025\',\'01-01-2023\',3,\'DBT\',\'Segera\'), (\'0002/MB.01//2023\',\'198412192009021001\',\'2023-02-01T02:45:09.190Z\',\'Upload\',\'Hasil Pembahasan Satgas Perizinan 30 Desember 2022\',\'Sekretariat Direktorat Jenderal Mineral dan Batubara\',\'N\',\'Hasil Pembahasan Satgas Perizinan 30 Desember 2022\',\'2/MB.01/SDB.L/2023\',\'01-01-2026\',\'01-01-2023\',4,\'DBP\',\'Segera\'), (\'0002/MB.01//2023\',\'198412192009021001\',\'2023-02-01T02:45:09.190Z\',\'Upload\',\'Hasil Pembahasan Satgas Perizinan 30 Desember 2022\',\'Sekretariat Direktorat Jenderal Mineral dan Batubara\',\'N\',\'Hasil Pembahasan Satgas Perizinan 30 Desember 2022\',\'2/MB.01/SDB.L/2023\',\'01-01-2026\',\'01-01-2023\',4,\'DBM\',\'Segera\'), (\'0002/MB.01//2023\',\'198412192009021001\',\'2023-02-01T02:45:09.190Z\',\'Upload\',\'Hasil Pembahasan Satgas Perizinan 30 Desember 2022\',\'Sekretariat Direktorat Jenderal Mineral dan Batubara\',\'N\',\'Hasil Pembahasan Satgas Perizinan 30 Desember 2022\',\'2/MB.01/SDB.L/2023\',\'01-01-2026\',\'01-01-2023\',4,\'DBB\',\'Segera\'), (\'0002/MB.01//2023\',\'198412192009021001\',\'2023-02-01T02:45:09.190Z\',\'Upload\',\'Hasil Pembahasan Satgas Perizinan 30 Desember 2022\',\'Sekretariat Direktorat Jenderal Mineral dan Batubara\',\'N\',\'Hasil Pembahasan Satgas Perizinan 30 Desember 2022\',\'2/MB.01/SDB.L/2023\',\'01-01-2026\',\'01-01-2023\',4,\'DBN\',\'Segera\'), (\'0002/MB.01//2023\',\'198412192009021001\',\'2023-02-01T02:45:09.190Z\',\'Upload\',\'Hasil Pembahasan Satgas Perizinan 30 Desember 2022\',\'Sekretariat Direktorat Jenderal Mineral dan Batubara\',\'N\',\'Hasil Pembahasan Satgas Perizinan 30 Desember 2022\',\'2/MB.01/SDB.L/2023\',\'01-01-2026\',\'01-01-2023\',4,\'DBT\',\'Segera\'), ()', null, false)
 2 SYSTEMPATH\Database\BaseBuilder.php(2178): CodeIgniter\Database\BaseBuilder->batchExecute('_insertBatch', 100)
 3 APPPATH\Models\ModelTracking.php(35): CodeIgniter\Database\BaseBuilder->insertBatch([...])
 4 APPPATH\Controllers\Tracking.php(281): App\Models\ModelTracking->saveData([...])
 5 SYSTEMPATH\CodeIgniter.php(934): App\Controllers\Tracking->create()
 6 SYSTEMPATH\CodeIgniter.php(499): CodeIgniter\CodeIgniter->runController(Object(App\Controllers\Tracking))
 7 SYSTEMPATH\CodeIgniter.php(368): CodeIgniter\CodeIgniter->handleRequest(null, Object(Config\Cache), false)
 8 FCPATH\index.php(67): CodeIgniter\CodeIgniter->run()
 9 SYSTEMPATH\Commands\Server\rewrite.php(47): require_once('FCPATH\\index.php')
ERROR - 2023-01-31 20:46:21 --> mysqli_sql_exception: Column count doesn't match value count at row 1 in C:\NOVAL\App\mail-tracking-minerba\mail-tracking\starter\vendor\codeigniter4\framework\system\Database\MySQLi\Connection.php:295
Stack trace:
#0 C:\NOVAL\App\mail-tracking-minerba\mail-tracking\starter\vendor\codeigniter4\framework\system\Database\MySQLi\Connection.php(295): mysqli->query('INSERT INTO `tr...', 0)
#1 C:\NOVAL\App\mail-tracking-minerba\mail-tracking\starter\vendor\codeigniter4\framework\system\Database\BaseConnection.php(691): CodeIgniter\Database\MySQLi\Connection->execute('INSERT INTO `tr...')
#2 C:\NOVAL\App\mail-tracking-minerba\mail-tracking\starter\vendor\codeigniter4\framework\system\Database\BaseConnection.php(605): CodeIgniter\Database\BaseConnection->simpleQuery('INSERT INTO `tr...')
#3 C:\NOVAL\App\mail-tracking-minerba\mail-tracking\starter\vendor\codeigniter4\framework\system\Database\BaseBuilder.php(1787): CodeIgniter\Database\BaseConnection->query('INSERT INTO `tr...', NULL, false)
#4 C:\NOVAL\App\mail-tracking-minerba\mail-tracking\starter\vendor\codeigniter4\framework\system\Database\BaseBuilder.php(2178): CodeIgniter\Database\BaseBuilder->batchExecute('_insertBatch', 100)
#5 C:\NOVAL\App\mail-tracking-minerba\mail-tracking\starter\app\Models\ModelTracking.php(35): CodeIgniter\Database\BaseBuilder->insertBatch(Array)
#6 C:\NOVAL\App\mail-tracking-minerba\mail-tracking\starter\app\Controllers\Tracking.php(281): App\Models\ModelTracking->saveData(Array)
#7 C:\NOVAL\App\mail-tracking-minerba\mail-tracking\starter\vendor\codeigniter4\framework\system\CodeIgniter.php(934): App\Controllers\Tracking->create()
#8 C:\NOVAL\App\mail-tracking-minerba\mail-tracking\starter\vendor\codeigniter4\framework\system\CodeIgniter.php(499): CodeIgniter\CodeIgniter->runController(Object(App\Controllers\Tracking))
#9 C:\NOVAL\App\mail-tracking-minerba\mail-tracking\starter\vendor\codeigniter4\framework\system\CodeIgniter.php(368): CodeIgniter\CodeIgniter->handleRequest(NULL, Object(Config\Cache), false)
#10 C:\NOVAL\App\mail-tracking-minerba\mail-tracking\starter\public\index.php(67): CodeIgniter\CodeIgniter->run()
#11 C:\NOVAL\App\mail-tracking-minerba\mail-tracking\starter\vendor\codeigniter4\framework\system\Commands\Server\rewrite.php(47): require_once('C:\\NOVAL\\App\\ma...')
#12 {main}
CRITICAL - 2023-01-31 20:46:21 --> Column count doesn't match value count at row 1
in SYSTEMPATH\Database\BaseConnection.php on line 645.
 1 SYSTEMPATH\Database\BaseBuilder.php(1787): CodeIgniter\Database\BaseConnection->query('INSERT INTO `tracking` ()
VALUES (\'0002/MB.01//2022\',\'198412192009021001\',\'2023-02-01T02:46:20.434Z\',\'Upload\',\'Laporan Satgas Penyelesaian Perizinan Mineral dan Batubara Periode sampai dengan tanggal 29 Desember 2022\',\'Sekretariat Direktorat Jenderal Mineral dan Batubara ABCDE\',\'N\',\'Laporan Satgas Penyelesaian Perizinan Mineral dan Batubara Periode sampai dengan tanggal 29 Desember 2022\',\'1/MB.01/SDB.L/2023\',\'01-01-2023\',\'01-01-2022\',2,\'DJB\',\'Segera\'), (\'0003/MB.01//2023\',\'198412192009021001\',\'2023-02-01T02:46:20.434Z\',\'Upload\',\'Hasil Pembahasan Satgas Perizinan 30 Desember 2022\',\'Sekretariat Direktorat Jenderal Mineral dan Batubara\',\'N\',\'Hasil Pembahasan Satgas Perizinan 30 Desember 2022\',\'2/MB.01/SDB.L/2023\',\'01-01-2025\',\'01-01-2023\',3,\'DBP\',\'Segera\'), (\'0003/MB.01//2023\',\'198412192009021001\',\'2023-02-01T02:46:20.434Z\',\'Upload\',\'Hasil Pembahasan Satgas Perizinan 30 Desember 2022\',\'Sekretariat Direktorat Jenderal Mineral dan Batubara\',\'N\',\'Hasil Pembahasan Satgas Perizinan 30 Desember 2022\',\'2/MB.01/SDB.L/2023\',\'01-01-2025\',\'01-01-2023\',3,\'DBM\',\'Segera\'), (\'0003/MB.01//2023\',\'198412192009021001\',\'2023-02-01T02:46:20.434Z\',\'Upload\',\'Hasil Pembahasan Satgas Perizinan 30 Desember 2022\',\'Sekretariat Direktorat Jenderal Mineral dan Batubara\',\'N\',\'Hasil Pembahasan Satgas Perizinan 30 Desember 2022\',\'2/MB.01/SDB.L/2023\',\'01-01-2025\',\'01-01-2023\',3,\'DBB\',\'Segera\'), (\'0003/MB.01//2023\',\'198412192009021001\',\'2023-02-01T02:46:20.434Z\',\'Upload\',\'Hasil Pembahasan Satgas Perizinan 30 Desember 2022\',\'Sekretariat Direktorat Jenderal Mineral dan Batubara\',\'N\',\'Hasil Pembahasan Satgas Perizinan 30 Desember 2022\',\'2/MB.01/SDB.L/2023\',\'01-01-2025\',\'01-01-2023\',3,\'DBN\',\'Segera\'), (\'0003/MB.01//2023\',\'198412192009021001\',\'2023-02-01T02:46:20.434Z\',\'Upload\',\'Hasil Pembahasan Satgas Perizinan 30 Desember 2022\',\'Sekretariat Direktorat Jenderal Mineral dan Batubara\',\'N\',\'Hasil Pembahasan Satgas Perizinan 30 Desember 2022\',\'2/MB.01/SDB.L/2023\',\'01-01-2025\',\'01-01-2023\',3,\'DBT\',\'Segera\'), (\'0002/MB.01//2023\',\'198412192009021001\',\'2023-02-01T02:46:20.434Z\',\'Upload\',\'Hasil Pembahasan Satgas Perizinan 30 Desember 2022\',\'Sekretariat Direktorat Jenderal Mineral dan Batubara\',\'N\',\'Hasil Pembahasan Satgas Perizinan 30 Desember 2022\',\'2/MB.01/SDB.L/2023\',\'01-01-2026\',\'01-01-2023\',4,\'DBP\',\'Segera\'), (\'0002/MB.01//2023\',\'198412192009021001\',\'2023-02-01T02:46:20.434Z\',\'Upload\',\'Hasil Pembahasan Satgas Perizinan 30 Desember 2022\',\'Sekretariat Direktorat Jenderal Mineral dan Batubara\',\'N\',\'Hasil Pembahasan Satgas Perizinan 30 Desember 2022\',\'2/MB.01/SDB.L/2023\',\'01-01-2026\',\'01-01-2023\',4,\'DBM\',\'Segera\'), (\'0002/MB.01//2023\',\'198412192009021001\',\'2023-02-01T02:46:20.434Z\',\'Upload\',\'Hasil Pembahasan Satgas Perizinan 30 Desember 2022\',\'Sekretariat Direktorat Jenderal Mineral dan Batubara\',\'N\',\'Hasil Pembahasan Satgas Perizinan 30 Desember 2022\',\'2/MB.01/SDB.L/2023\',\'01-01-2026\',\'01-01-2023\',4,\'DBB\',\'Segera\'), (\'0002/MB.01//2023\',\'198412192009021001\',\'2023-02-01T02:46:20.434Z\',\'Upload\',\'Hasil Pembahasan Satgas Perizinan 30 Desember 2022\',\'Sekretariat Direktorat Jenderal Mineral dan Batubara\',\'N\',\'Hasil Pembahasan Satgas Perizinan 30 Desember 2022\',\'2/MB.01/SDB.L/2023\',\'01-01-2026\',\'01-01-2023\',4,\'DBN\',\'Segera\'), (\'0002/MB.01//2023\',\'198412192009021001\',\'2023-02-01T02:46:20.434Z\',\'Upload\',\'Hasil Pembahasan Satgas Perizinan 30 Desember 2022\',\'Sekretariat Direktorat Jenderal Mineral dan Batubara\',\'N\',\'Hasil Pembahasan Satgas Perizinan 30 Desember 2022\',\'2/MB.01/SDB.L/2023\',\'01-01-2026\',\'01-01-2023\',4,\'DBT\',\'Segera\'), ()', null, false)
 2 SYSTEMPATH\Database\BaseBuilder.php(2178): CodeIgniter\Database\BaseBuilder->batchExecute('_insertBatch', 100)
 3 APPPATH\Models\ModelTracking.php(35): CodeIgniter\Database\BaseBuilder->insertBatch([...])
 4 APPPATH\Controllers\Tracking.php(281): App\Models\ModelTracking->saveData([...])
 5 SYSTEMPATH\CodeIgniter.php(934): App\Controllers\Tracking->create()
 6 SYSTEMPATH\CodeIgniter.php(499): CodeIgniter\CodeIgniter->runController(Object(App\Controllers\Tracking))
 7 SYSTEMPATH\CodeIgniter.php(368): CodeIgniter\CodeIgniter->handleRequest(null, Object(Config\Cache), false)
 8 FCPATH\index.php(67): CodeIgniter\CodeIgniter->run()
 9 SYSTEMPATH\Commands\Server\rewrite.php(47): require_once('FCPATH\\index.php')
