CRITICAL - 2023-01-26 07:33:47 --> Class "App\Models\Exception" not found
in APPPATH\Models\ModelEmployee.php on line 18.
 1 APPPATH\Controllers\Employee.php(23): App\Models\ModelEmployee->getEmployeeByParent('SDB.UP.3.1')
 2 SYSTEMPATH\CodeIgniter.php(934): App\Controllers\Employee->employeeByParent('SDB.UP.3.1')
 3 SYSTEMPATH\CodeIgniter.php(499): CodeIgniter\CodeIgniter->runController(Object(App\Controllers\Employee))
 4 SYSTEMPATH\CodeIgniter.php(368): CodeIgniter\CodeIgniter->handleRequest(null, Object(Config\Cache), false)
 5 FCPATH\index.php(67): CodeIgniter\CodeIgniter->run()
 6 SYSTEMPATH\Commands\Server\rewrite.php(47): require_once('FCPATH\\index.php')
CRITICAL - 2023-01-26 07:33:59 --> Class "App\Models\Exception" not found
in APPPATH\Models\ModelEmployee.php on line 18.
 1 APPPATH\Controllers\Employee.php(23): App\Models\ModelEmployee->getEmployeeByParent('SDB.UP.3.1')
 2 SYSTEMPATH\CodeIgniter.php(934): App\Controllers\Employee->employeeByParent('SDB.UP.3.1')
 3 SYSTEMPATH\CodeIgniter.php(499): CodeIgniter\CodeIgniter->runController(Object(App\Controllers\Employee))
 4 SYSTEMPATH\CodeIgniter.php(368): CodeIgniter\CodeIgniter->handleRequest(null, Object(Config\Cache), false)
 5 FCPATH\index.php(67): CodeIgniter\CodeIgniter->run()
 6 SYSTEMPATH\Commands\Server\rewrite.php(47): require_once('FCPATH\\index.php')
CRITICAL - 2023-01-26 07:34:02 --> Class "App\Models\Exception" not found
in APPPATH\Models\ModelEmployee.php on line 18.
 1 APPPATH\Controllers\Employee.php(23): App\Models\ModelEmployee->getEmployeeByParent('SDB.UP.3.1')
 2 SYSTEMPATH\CodeIgniter.php(934): App\Controllers\Employee->employeeByParent('SDB.UP.3.1')
 3 SYSTEMPATH\CodeIgniter.php(499): CodeIgniter\CodeIgniter->runController(Object(App\Controllers\Employee))
 4 SYSTEMPATH\CodeIgniter.php(368): CodeIgniter\CodeIgniter->handleRequest(null, Object(Config\Cache), false)
 5 FCPATH\index.php(67): CodeIgniter\CodeIgniter->run()
 6 SYSTEMPATH\Commands\Server\rewrite.php(47): require_once('FCPATH\\index.php')
CRITICAL - 2023-01-26 07:34:08 --> Class "App\Models\Exception" not found
in APPPATH\Models\ModelEmployee.php on line 18.
 1 APPPATH\Controllers\Employee.php(23): App\Models\ModelEmployee->getEmployeeByParent('SDB.UP.3.1')
 2 SYSTEMPATH\CodeIgniter.php(934): App\Controllers\Employee->employeeByParent('SDB.UP.3.1')
 3 SYSTEMPATH\CodeIgniter.php(499): CodeIgniter\CodeIgniter->runController(Object(App\Controllers\Employee))
 4 SYSTEMPATH\CodeIgniter.php(368): CodeIgniter\CodeIgniter->handleRequest(null, Object(Config\Cache), false)
 5 FCPATH\index.php(67): CodeIgniter\CodeIgniter->run()
 6 SYSTEMPATH\Commands\Server\rewrite.php(47): require_once('FCPATH\\index.php')
CRITICAL - 2023-01-26 07:34:10 --> Class "App\Models\Exception" not found
in APPPATH\Models\ModelEmployee.php on line 18.
 1 APPPATH\Controllers\Employee.php(23): App\Models\ModelEmployee->getEmployeeByParent('SDB.UP.3.1')
 2 SYSTEMPATH\CodeIgniter.php(934): App\Controllers\Employee->employeeByParent('SDB.UP.3.1')
 3 SYSTEMPATH\CodeIgniter.php(499): CodeIgniter\CodeIgniter->runController(Object(App\Controllers\Employee))
 4 SYSTEMPATH\CodeIgniter.php(368): CodeIgniter\CodeIgniter->handleRequest(null, Object(Config\Cache), false)
 5 FCPATH\index.php(67): CodeIgniter\CodeIgniter->run()
 6 SYSTEMPATH\Commands\Server\rewrite.php(47): require_once('FCPATH\\index.php')
CRITICAL - 2023-01-26 07:34:14 --> Class "App\Models\Exception" not found
in APPPATH\Models\ModelEmployee.php on line 18.
 1 APPPATH\Controllers\Employee.php(23): App\Models\ModelEmployee->getEmployeeByParent('SDB.UP.3.1')
 2 SYSTEMPATH\CodeIgniter.php(934): App\Controllers\Employee->employeeByParent('SDB.UP.3.1')
 3 SYSTEMPATH\CodeIgniter.php(499): CodeIgniter\CodeIgniter->runController(Object(App\Controllers\Employee))
 4 SYSTEMPATH\CodeIgniter.php(368): CodeIgniter\CodeIgniter->handleRequest(null, Object(Config\Cache), false)
 5 FCPATH\index.php(67): CodeIgniter\CodeIgniter->run()
 6 SYSTEMPATH\Commands\Server\rewrite.php(47): require_once('FCPATH\\index.php')
CRITICAL - 2023-01-26 07:34:16 --> Class "App\Models\Exception" not found
in APPPATH\Models\ModelEmployee.php on line 18.
 1 APPPATH\Controllers\Employee.php(23): App\Models\ModelEmployee->getEmployeeByParent('SDB.UP.3.1')
 2 SYSTEMPATH\CodeIgniter.php(934): App\Controllers\Employee->employeeByParent('SDB.UP.3.1')
 3 SYSTEMPATH\CodeIgniter.php(499): CodeIgniter\CodeIgniter->runController(Object(App\Controllers\Employee))
 4 SYSTEMPATH\CodeIgniter.php(368): CodeIgniter\CodeIgniter->handleRequest(null, Object(Config\Cache), false)
 5 FCPATH\index.php(67): CodeIgniter\CodeIgniter->run()
 6 SYSTEMPATH\Commands\Server\rewrite.php(47): require_once('FCPATH\\index.php')
CRITICAL - 2023-01-26 07:40:03 --> Class "App\Models\Exception" not found
in APPPATH\Models\ModelEmployee.php on line 18.
 1 APPPATH\Controllers\Employee.php(23): App\Models\ModelEmployee->getEmployeeByParent('SDB.UP.3.1')
 2 SYSTEMPATH\CodeIgniter.php(934): App\Controllers\Employee->employeeByParent('SDB.UP.3.1')
 3 SYSTEMPATH\CodeIgniter.php(499): CodeIgniter\CodeIgniter->runController(Object(App\Controllers\Employee))
 4 SYSTEMPATH\CodeIgniter.php(368): CodeIgniter\CodeIgniter->handleRequest(null, Object(Config\Cache), false)
 5 FCPATH\index.php(67): CodeIgniter\CodeIgniter->run()
 6 SYSTEMPATH\Commands\Server\rewrite.php(47): require_once('FCPATH\\index.php')
CRITICAL - 2023-01-26 07:40:06 --> Class "App\Models\Exception" not found
in APPPATH\Models\ModelEmployee.php on line 18.
 1 APPPATH\Controllers\Employee.php(23): App\Models\ModelEmployee->getEmployeeByParent('SDB.UP.3.1')
 2 SYSTEMPATH\CodeIgniter.php(934): App\Controllers\Employee->employeeByParent('SDB.UP.3.1')
 3 SYSTEMPATH\CodeIgniter.php(499): CodeIgniter\CodeIgniter->runController(Object(App\Controllers\Employee))
 4 SYSTEMPATH\CodeIgniter.php(368): CodeIgniter\CodeIgniter->handleRequest(null, Object(Config\Cache), false)
 5 FCPATH\index.php(67): CodeIgniter\CodeIgniter->run()
 6 SYSTEMPATH\Commands\Server\rewrite.php(47): require_once('FCPATH\\index.php')
CRITICAL - 2023-01-26 07:40:08 --> Class "App\Models\Exception" not found
in APPPATH\Models\ModelEmployee.php on line 18.
 1 APPPATH\Controllers\Employee.php(23): App\Models\ModelEmployee->getEmployeeByParent('SDB.UP.3.1')
 2 SYSTEMPATH\CodeIgniter.php(934): App\Controllers\Employee->employeeByParent('SDB.UP.3.1')
 3 SYSTEMPATH\CodeIgniter.php(499): CodeIgniter\CodeIgniter->runController(Object(App\Controllers\Employee))
 4 SYSTEMPATH\CodeIgniter.php(368): CodeIgniter\CodeIgniter->handleRequest(null, Object(Config\Cache), false)
 5 FCPATH\index.php(67): CodeIgniter\CodeIgniter->run()
 6 SYSTEMPATH\Commands\Server\rewrite.php(47): require_once('FCPATH\\index.php')
CRITICAL - 2023-01-26 17:48:16 --> Class "App\Models\Exception" not found
in APPPATH\Models\ModelEmployee.php on line 18.
 1 APPPATH\Controllers\Employee.php(23): App\Models\ModelEmployee->getEmployeeByParent('SDB.UP.3.1')
 2 SYSTEMPATH\CodeIgniter.php(934): App\Controllers\Employee->employeeByParent('SDB.UP.3.1')
 3 SYSTEMPATH\CodeIgniter.php(499): CodeIgniter\CodeIgniter->runController(Object(App\Controllers\Employee))
 4 SYSTEMPATH\CodeIgniter.php(368): CodeIgniter\CodeIgniter->handleRequest(null, Object(Config\Cache), false)
 5 FCPATH\index.php(67): CodeIgniter\CodeIgniter->run()
 6 SYSTEMPATH\Commands\Server\rewrite.php(47): require_once('FCPATH\\index.php')
CRITICAL - 2023-01-26 17:48:22 --> Class "App\Models\Exception" not found
in APPPATH\Models\ModelEmployee.php on line 18.
 1 APPPATH\Controllers\Employee.php(23): App\Models\ModelEmployee->getEmployeeByParent('SDB.UP.3.1')
 2 SYSTEMPATH\CodeIgniter.php(934): App\Controllers\Employee->employeeByParent('SDB.UP.3.1')
 3 SYSTEMPATH\CodeIgniter.php(499): CodeIgniter\CodeIgniter->runController(Object(App\Controllers\Employee))
 4 SYSTEMPATH\CodeIgniter.php(368): CodeIgniter\CodeIgniter->handleRequest(null, Object(Config\Cache), false)
 5 FCPATH\index.php(67): CodeIgniter\CodeIgniter->run()
 6 SYSTEMPATH\Commands\Server\rewrite.php(47): require_once('FCPATH\\index.php')
ERROR - 2023-01-26 17:49:56 --> Error connecting to the database: mysqli_sql_exception: A connection attempt failed because the connected party did not properly respond after a period of time, or established connection failed because connected host has failed to respond in C:\NOVAL\App\mail-tracking-minerba\mail-tracking\starter\vendor\codeigniter4\framework\system\Database\MySQLi\Connection.php:174
Stack trace:
#0 C:\NOVAL\App\mail-tracking-minerba\mail-tracking\starter\vendor\codeigniter4\framework\system\Database\MySQLi\Connection.php(174): mysqli->real_connect('mailtrackminerb...', 'n1571149_mailtr...', 'mailtracking202...', 'n1571149_testma...', 3306, '', 0)
#1 C:\NOVAL\App\mail-tracking-minerba\mail-tracking\starter\vendor\codeigniter4\framework\system\Database\BaseConnection.php(391): CodeIgniter\Database\MySQLi\Connection->connect(false)
#2 C:\NOVAL\App\mail-tracking-minerba\mail-tracking\starter\vendor\codeigniter4\framework\system\Database\BaseConnection.php(573): CodeIgniter\Database\BaseConnection->initialize()
#3 C:\NOVAL\App\mail-tracking-minerba\mail-tracking\starter\vendor\codeigniter4\framework\system\Database\BaseBuilder.php(1602): CodeIgniter\Database\BaseConnection->query('SELECT *\nFROM `...', Array, false)
#4 C:\NOVAL\App\mail-tracking-minerba\mail-tracking\starter\vendor\codeigniter4\framework\system\Model.php(267): CodeIgniter\Database\BaseBuilder->get()
#5 C:\NOVAL\App\mail-tracking-minerba\mail-tracking\starter\vendor\codeigniter4\framework\system\BaseModel.php(656): CodeIgniter\Model->doFirst()
#6 C:\NOVAL\App\mail-tracking-minerba\mail-tracking\starter\app\Models\ModelOtentikasi.php(17): CodeIgniter\BaseModel->first()
#7 C:\NOVAL\App\mail-tracking-minerba\mail-tracking\starter\app\Helpers\jwt_helper.php(22): App\Models\ModelOtentikasi->getEmployee('198412192009021...', '198412192009021...')
#8 C:\NOVAL\App\mail-tracking-minerba\mail-tracking\starter\app\Filters\FilterJwt.php(22): validateJWT('eyJ0eXAiOiJKV1Q...')
#9 C:\NOVAL\App\mail-tracking-minerba\mail-tracking\starter\vendor\codeigniter4\framework\system\Filters\Filters.php(173): App\Filters\FilterJwt->before(Object(CodeIgniter\HTTP\IncomingRequest), NULL)
#10 C:\NOVAL\App\mail-tracking-minerba\mail-tracking\starter\vendor\codeigniter4\framework\system\CodeIgniter.php(473): CodeIgniter\Filters\Filters->run('tracking', 'before')
#11 C:\NOVAL\App\mail-tracking-minerba\mail-tracking\starter\vendor\codeigniter4\framework\system\CodeIgniter.php(368): CodeIgniter\CodeIgniter->handleRequest(NULL, Object(Config\Cache), false)
#12 C:\NOVAL\App\mail-tracking-minerba\mail-tracking\starter\public\index.php(67): CodeIgniter\CodeIgniter->run()
#13 C:\NOVAL\App\mail-tracking-minerba\mail-tracking\starter\vendor\codeigniter4\framework\system\Commands\Server\rewrite.php(47): require_once('C:\\NOVAL\\App\\ma...')
#14 {main}

Next CodeIgniter\Database\Exceptions\DatabaseException: A connection attempt failed because the connected party did not properly respond after a period of time, or established connection failed because connected host has failed to respond in C:\NOVAL\App\mail-tracking-minerba\mail-tracking\starter\vendor\codeigniter4\framework\system\Database\MySQLi\Connection.php:218
Stack trace:
#0 C:\NOVAL\App\mail-tracking-minerba\mail-tracking\starter\vendor\codeigniter4\framework\system\Database\BaseConnection.php(391): CodeIgniter\Database\MySQLi\Connection->connect(false)
#1 C:\NOVAL\App\mail-tracking-minerba\mail-tracking\starter\vendor\codeigniter4\framework\system\Database\BaseConnection.php(573): CodeIgniter\Database\BaseConnection->initialize()
#2 C:\NOVAL\App\mail-tracking-minerba\mail-tracking\starter\vendor\codeigniter4\framework\system\Database\BaseBuilder.php(1602): CodeIgniter\Database\BaseConnection->query('SELECT *\nFROM `...', Array, false)
#3 C:\NOVAL\App\mail-tracking-minerba\mail-tracking\starter\vendor\codeigniter4\framework\system\Model.php(267): CodeIgniter\Database\BaseBuilder->get()
#4 C:\NOVAL\App\mail-tracking-minerba\mail-tracking\starter\vendor\codeigniter4\framework\system\BaseModel.php(656): CodeIgniter\Model->doFirst()
#5 C:\NOVAL\App\mail-tracking-minerba\mail-tracking\starter\app\Models\ModelOtentikasi.php(17): CodeIgniter\BaseModel->first()
#6 C:\NOVAL\App\mail-tracking-minerba\mail-tracking\starter\app\Helpers\jwt_helper.php(22): App\Models\ModelOtentikasi->getEmployee('198412192009021...', '198412192009021...')
#7 C:\NOVAL\App\mail-tracking-minerba\mail-tracking\starter\app\Filters\FilterJwt.php(22): validateJWT('eyJ0eXAiOiJKV1Q...')
#8 C:\NOVAL\App\mail-tracking-minerba\mail-tracking\starter\vendor\codeigniter4\framework\system\Filters\Filters.php(173): App\Filters\FilterJwt->before(Object(CodeIgniter\HTTP\IncomingRequest), NULL)
#9 C:\NOVAL\App\mail-tracking-minerba\mail-tracking\starter\vendor\codeigniter4\framework\system\CodeIgniter.php(473): CodeIgniter\Filters\Filters->run('tracking', 'before')
#10 C:\NOVAL\App\mail-tracking-minerba\mail-tracking\starter\vendor\codeigniter4\framework\system\CodeIgniter.php(368): CodeIgniter\CodeIgniter->handleRequest(NULL, Object(Config\Cache), false)
#11 C:\NOVAL\App\mail-tracking-minerba\mail-tracking\starter\public\index.php(67): CodeIgniter\CodeIgniter->run()
#12 C:\NOVAL\App\mail-tracking-minerba\mail-tracking\starter\vendor\codeigniter4\framework\system\Commands\Server\rewrite.php(47): require_once('C:\\NOVAL\\App\\ma...')
#13 {main}
CRITICAL - 2023-01-26 17:49:56 --> Unable to connect to the database.
Main connection [MySQLi]: A connection attempt failed because the connected party did not properly respond after a period of time, or established connection failed because connected host has failed to respond
in SYSTEMPATH\Database\BaseConnection.php on line 427.
 1 SYSTEMPATH\Database\BaseConnection.php(573): CodeIgniter\Database\BaseConnection->initialize()
 2 SYSTEMPATH\Database\BaseBuilder.php(1602): CodeIgniter\Database\BaseConnection->query('SELECT *
FROM `v_access`
WHERE `employeeId` = :employeeId:
 LIMIT 1', [...], false)
 3 SYSTEMPATH\Model.php(267): CodeIgniter\Database\BaseBuilder->get()
 4 SYSTEMPATH\BaseModel.php(656): CodeIgniter\Model->doFirst()
 5 APPPATH\Models\ModelOtentikasi.php(17): CodeIgniter\BaseModel->first()
 6 APPPATH\Helpers\jwt_helper.php(22): App\Models\ModelOtentikasi->getEmployee('198412192009021001', '198412192009021001')
 7 APPPATH\Filters\FilterJwt.php(22): validateJWT('eyJ0eXAiOiJKV1QiLCJhbGciOiJIUzI1NiJ9.eyJuaXAiOiIxOTg0MTIxOTIwMDkwMjEwMDEiLCJwYXNzd29yZCI6IjE5ODQxMjE5MjAwOTAyMTAwMSIsImlhdCI6MTY3NDc3Njg4OSwiZXhwIjoxNjc0NzgwNDg5fQ.-KC9YrGLQ1NfcYr0Hf5Uxo95LZmft14oHpry6Y5Ah7I')
 8 SYSTEMPATH\Filters\Filters.php(173): App\Filters\FilterJwt->before(Object(CodeIgniter\HTTP\IncomingRequest), null)
 9 SYSTEMPATH\CodeIgniter.php(473): CodeIgniter\Filters\Filters->run('tracking', 'before')
10 SYSTEMPATH\CodeIgniter.php(368): CodeIgniter\CodeIgniter->handleRequest(null, Object(Config\Cache), false)
11 FCPATH\index.php(67): CodeIgniter\CodeIgniter->run()
12 SYSTEMPATH\Commands\Server\rewrite.php(47): require_once('FCPATH\\index.php')
CRITICAL - 2023-01-26 17:53:13 --> Class "App\Models\Exception" not found
in APPPATH\Models\ModelEmployee.php on line 18.
 1 APPPATH\Controllers\Employee.php(23): App\Models\ModelEmployee->getEmployeeByParent('SDB.UP.3.1')
 2 SYSTEMPATH\CodeIgniter.php(934): App\Controllers\Employee->employeeByParent('SDB.UP.3.1')
 3 SYSTEMPATH\CodeIgniter.php(499): CodeIgniter\CodeIgniter->runController(Object(App\Controllers\Employee))
 4 SYSTEMPATH\CodeIgniter.php(368): CodeIgniter\CodeIgniter->handleRequest(null, Object(Config\Cache), false)
 5 FCPATH\index.php(67): CodeIgniter\CodeIgniter->run()
 6 SYSTEMPATH\Commands\Server\rewrite.php(47): require_once('FCPATH\\index.php')
CRITICAL - 2023-01-26 17:53:22 --> Class "App\Models\Exception" not found
in APPPATH\Models\ModelEmployee.php on line 18.
 1 APPPATH\Controllers\Employee.php(23): App\Models\ModelEmployee->getEmployeeByParent('SDB.UP.3.1')
 2 SYSTEMPATH\CodeIgniter.php(934): App\Controllers\Employee->employeeByParent('SDB.UP.3.1')
 3 SYSTEMPATH\CodeIgniter.php(499): CodeIgniter\CodeIgniter->runController(Object(App\Controllers\Employee))
 4 SYSTEMPATH\CodeIgniter.php(368): CodeIgniter\CodeIgniter->handleRequest(null, Object(Config\Cache), false)
 5 FCPATH\index.php(67): CodeIgniter\CodeIgniter->run()
 6 SYSTEMPATH\Commands\Server\rewrite.php(47): require_once('FCPATH\\index.php')
CRITICAL - 2023-01-26 17:54:41 --> Class "App\Models\Exception" not found
in APPPATH\Models\ModelEmployee.php on line 18.
 1 APPPATH\Controllers\Employee.php(23): App\Models\ModelEmployee->getEmployeeByParent('SDB.UP.3.1')
 2 SYSTEMPATH\CodeIgniter.php(934): App\Controllers\Employee->employeeByParent('SDB.UP.3.1')
 3 SYSTEMPATH\CodeIgniter.php(499): CodeIgniter\CodeIgniter->runController(Object(App\Controllers\Employee))
 4 SYSTEMPATH\CodeIgniter.php(368): CodeIgniter\CodeIgniter->handleRequest(null, Object(Config\Cache), false)
 5 FCPATH\index.php(67): CodeIgniter\CodeIgniter->run()
 6 SYSTEMPATH\Commands\Server\rewrite.php(47): require_once('FCPATH\\index.php')
CRITICAL - 2023-01-26 17:55:36 --> Class "App\Models\Exception" not found
in APPPATH\Models\ModelEmployee.php on line 18.
 1 APPPATH\Controllers\Employee.php(23): App\Models\ModelEmployee->getEmployeeByParent('SDB.UP.3.1')
 2 SYSTEMPATH\CodeIgniter.php(934): App\Controllers\Employee->employeeByParent('SDB.UP.3.1')
 3 SYSTEMPATH\CodeIgniter.php(499): CodeIgniter\CodeIgniter->runController(Object(App\Controllers\Employee))
 4 SYSTEMPATH\CodeIgniter.php(368): CodeIgniter\CodeIgniter->handleRequest(null, Object(Config\Cache), false)
 5 FCPATH\index.php(67): CodeIgniter\CodeIgniter->run()
 6 SYSTEMPATH\Commands\Server\rewrite.php(47): require_once('FCPATH\\index.php')
CRITICAL - 2023-01-26 17:55:39 --> Class "App\Models\Exception" not found
in APPPATH\Models\ModelEmployee.php on line 18.
 1 APPPATH\Controllers\Employee.php(23): App\Models\ModelEmployee->getEmployeeByParent('SDB.UP.3.1')
 2 SYSTEMPATH\CodeIgniter.php(934): App\Controllers\Employee->employeeByParent('SDB.UP.3.1')
 3 SYSTEMPATH\CodeIgniter.php(499): CodeIgniter\CodeIgniter->runController(Object(App\Controllers\Employee))
 4 SYSTEMPATH\CodeIgniter.php(368): CodeIgniter\CodeIgniter->handleRequest(null, Object(Config\Cache), false)
 5 FCPATH\index.php(67): CodeIgniter\CodeIgniter->run()
 6 SYSTEMPATH\Commands\Server\rewrite.php(47): require_once('FCPATH\\index.php')
CRITICAL - 2023-01-26 17:57:02 --> Class "App\Models\Exception" not found
in APPPATH\Models\ModelEmployee.php on line 18.
 1 APPPATH\Controllers\Employee.php(23): App\Models\ModelEmployee->getEmployeeByParent('SDB.UP.3.1')
 2 SYSTEMPATH\CodeIgniter.php(934): App\Controllers\Employee->employeeByParent('SDB.UP.3.1')
 3 SYSTEMPATH\CodeIgniter.php(499): CodeIgniter\CodeIgniter->runController(Object(App\Controllers\Employee))
 4 SYSTEMPATH\CodeIgniter.php(368): CodeIgniter\CodeIgniter->handleRequest(null, Object(Config\Cache), false)
 5 FCPATH\index.php(67): CodeIgniter\CodeIgniter->run()
 6 SYSTEMPATH\Commands\Server\rewrite.php(47): require_once('FCPATH\\index.php')
CRITICAL - 2023-01-26 17:57:05 --> Class "App\Models\Exception" not found
in APPPATH\Models\ModelEmployee.php on line 18.
 1 APPPATH\Controllers\Employee.php(23): App\Models\ModelEmployee->getEmployeeByParent('SDB.UP.3.1')
 2 SYSTEMPATH\CodeIgniter.php(934): App\Controllers\Employee->employeeByParent('SDB.UP.3.1')
 3 SYSTEMPATH\CodeIgniter.php(499): CodeIgniter\CodeIgniter->runController(Object(App\Controllers\Employee))
 4 SYSTEMPATH\CodeIgniter.php(368): CodeIgniter\CodeIgniter->handleRequest(null, Object(Config\Cache), false)
 5 FCPATH\index.php(67): CodeIgniter\CodeIgniter->run()
 6 SYSTEMPATH\Commands\Server\rewrite.php(47): require_once('FCPATH\\index.php')
CRITICAL - 2023-01-26 17:57:10 --> Class "App\Models\Exception" not found
in APPPATH\Models\ModelEmployee.php on line 18.
 1 APPPATH\Controllers\Employee.php(23): App\Models\ModelEmployee->getEmployeeByParent('SDB.UP.3.1')
 2 SYSTEMPATH\CodeIgniter.php(934): App\Controllers\Employee->employeeByParent('SDB.UP.3.1')
 3 SYSTEMPATH\CodeIgniter.php(499): CodeIgniter\CodeIgniter->runController(Object(App\Controllers\Employee))
 4 SYSTEMPATH\CodeIgniter.php(368): CodeIgniter\CodeIgniter->handleRequest(null, Object(Config\Cache), false)
 5 FCPATH\index.php(67): CodeIgniter\CodeIgniter->run()
 6 SYSTEMPATH\Commands\Server\rewrite.php(47): require_once('FCPATH\\index.php')
CRITICAL - 2023-01-26 17:57:15 --> Class "App\Models\Exception" not found
in APPPATH\Models\ModelEmployee.php on line 18.
 1 APPPATH\Controllers\Employee.php(23): App\Models\ModelEmployee->getEmployeeByParent('SDB.UP.3.1')
 2 SYSTEMPATH\CodeIgniter.php(934): App\Controllers\Employee->employeeByParent('SDB.UP.3.1')
 3 SYSTEMPATH\CodeIgniter.php(499): CodeIgniter\CodeIgniter->runController(Object(App\Controllers\Employee))
 4 SYSTEMPATH\CodeIgniter.php(368): CodeIgniter\CodeIgniter->handleRequest(null, Object(Config\Cache), false)
 5 FCPATH\index.php(67): CodeIgniter\CodeIgniter->run()
 6 SYSTEMPATH\Commands\Server\rewrite.php(47): require_once('FCPATH\\index.php')
CRITICAL - 2023-01-26 17:57:23 --> Class "App\Models\Exception" not found
in APPPATH\Models\ModelEmployee.php on line 18.
 1 APPPATH\Controllers\Employee.php(23): App\Models\ModelEmployee->getEmployeeByParent('SDB.UP.3.1')
 2 SYSTEMPATH\CodeIgniter.php(934): App\Controllers\Employee->employeeByParent('SDB.UP.3.1')
 3 SYSTEMPATH\CodeIgniter.php(499): CodeIgniter\CodeIgniter->runController(Object(App\Controllers\Employee))
 4 SYSTEMPATH\CodeIgniter.php(368): CodeIgniter\CodeIgniter->handleRequest(null, Object(Config\Cache), false)
 5 FCPATH\index.php(67): CodeIgniter\CodeIgniter->run()
 6 SYSTEMPATH\Commands\Server\rewrite.php(47): require_once('FCPATH\\index.php')
CRITICAL - 2023-01-26 17:57:29 --> Class "App\Models\Exception" not found
in APPPATH\Models\ModelEmployee.php on line 18.
 1 APPPATH\Controllers\Employee.php(23): App\Models\ModelEmployee->getEmployeeByParent('SDB.UP.3.1')
 2 SYSTEMPATH\CodeIgniter.php(934): App\Controllers\Employee->employeeByParent('SDB.UP.3.1')
 3 SYSTEMPATH\CodeIgniter.php(499): CodeIgniter\CodeIgniter->runController(Object(App\Controllers\Employee))
 4 SYSTEMPATH\CodeIgniter.php(368): CodeIgniter\CodeIgniter->handleRequest(null, Object(Config\Cache), false)
 5 FCPATH\index.php(67): CodeIgniter\CodeIgniter->run()
 6 SYSTEMPATH\Commands\Server\rewrite.php(47): require_once('FCPATH\\index.php')
CRITICAL - 2023-01-26 17:57:57 --> Class "App\Models\Exception" not found
in APPPATH\Models\ModelEmployee.php on line 18.
 1 APPPATH\Controllers\Employee.php(23): App\Models\ModelEmployee->getEmployeeByParent('SDB.UP.3.1')
 2 SYSTEMPATH\CodeIgniter.php(934): App\Controllers\Employee->employeeByParent('SDB.UP.3.1')
 3 SYSTEMPATH\CodeIgniter.php(499): CodeIgniter\CodeIgniter->runController(Object(App\Controllers\Employee))
 4 SYSTEMPATH\CodeIgniter.php(368): CodeIgniter\CodeIgniter->handleRequest(null, Object(Config\Cache), false)
 5 FCPATH\index.php(67): CodeIgniter\CodeIgniter->run()
 6 SYSTEMPATH\Commands\Server\rewrite.php(47): require_once('FCPATH\\index.php')
CRITICAL - 2023-01-26 17:58:16 --> Class "App\Models\Exception" not found
in APPPATH\Models\ModelEmployee.php on line 18.
 1 APPPATH\Controllers\Employee.php(23): App\Models\ModelEmployee->getEmployeeByParent('SDB.UP.3.1')
 2 SYSTEMPATH\CodeIgniter.php(934): App\Controllers\Employee->employeeByParent('SDB.UP.3.1')
 3 SYSTEMPATH\CodeIgniter.php(499): CodeIgniter\CodeIgniter->runController(Object(App\Controllers\Employee))
 4 SYSTEMPATH\CodeIgniter.php(368): CodeIgniter\CodeIgniter->handleRequest(null, Object(Config\Cache), false)
 5 FCPATH\index.php(67): CodeIgniter\CodeIgniter->run()
 6 SYSTEMPATH\Commands\Server\rewrite.php(47): require_once('FCPATH\\index.php')
CRITICAL - 2023-01-26 17:58:21 --> Class "App\Models\Exception" not found
in APPPATH\Models\ModelEmployee.php on line 18.
 1 APPPATH\Controllers\Employee.php(23): App\Models\ModelEmployee->getEmployeeByParent('SDB.UP.3.1')
 2 SYSTEMPATH\CodeIgniter.php(934): App\Controllers\Employee->employeeByParent('SDB.UP.3.1')
 3 SYSTEMPATH\CodeIgniter.php(499): CodeIgniter\CodeIgniter->runController(Object(App\Controllers\Employee))
 4 SYSTEMPATH\CodeIgniter.php(368): CodeIgniter\CodeIgniter->handleRequest(null, Object(Config\Cache), false)
 5 FCPATH\index.php(67): CodeIgniter\CodeIgniter->run()
 6 SYSTEMPATH\Commands\Server\rewrite.php(47): require_once('FCPATH\\index.php')
CRITICAL - 2023-01-26 17:59:02 --> Class "App\Models\Exception" not found
in APPPATH\Models\ModelEmployee.php on line 18.
 1 APPPATH\Controllers\Employee.php(23): App\Models\ModelEmployee->getEmployeeByParent('SDB.UP.3.1')
 2 SYSTEMPATH\CodeIgniter.php(934): App\Controllers\Employee->employeeByParent('SDB.UP.3.1')
 3 SYSTEMPATH\CodeIgniter.php(499): CodeIgniter\CodeIgniter->runController(Object(App\Controllers\Employee))
 4 SYSTEMPATH\CodeIgniter.php(368): CodeIgniter\CodeIgniter->handleRequest(null, Object(Config\Cache), false)
 5 FCPATH\index.php(67): CodeIgniter\CodeIgniter->run()
 6 SYSTEMPATH\Commands\Server\rewrite.php(47): require_once('FCPATH\\index.php')
CRITICAL - 2023-01-26 17:59:17 --> Class "App\Models\Exception" not found
in APPPATH\Models\ModelEmployee.php on line 18.
 1 APPPATH\Controllers\Employee.php(23): App\Models\ModelEmployee->getEmployeeByParent('SDB.UP.3.1')
 2 SYSTEMPATH\CodeIgniter.php(934): App\Controllers\Employee->employeeByParent('SDB.UP.3.1')
 3 SYSTEMPATH\CodeIgniter.php(499): CodeIgniter\CodeIgniter->runController(Object(App\Controllers\Employee))
 4 SYSTEMPATH\CodeIgniter.php(368): CodeIgniter\CodeIgniter->handleRequest(null, Object(Config\Cache), false)
 5 FCPATH\index.php(67): CodeIgniter\CodeIgniter->run()
 6 SYSTEMPATH\Commands\Server\rewrite.php(47): require_once('FCPATH\\index.php')
CRITICAL - 2023-01-26 17:59:24 --> Class "App\Models\Exception" not found
in APPPATH\Models\ModelEmployee.php on line 18.
 1 APPPATH\Controllers\Employee.php(23): App\Models\ModelEmployee->getEmployeeByParent('SDB.UP.3.1')
 2 SYSTEMPATH\CodeIgniter.php(934): App\Controllers\Employee->employeeByParent('SDB.UP.3.1')
 3 SYSTEMPATH\CodeIgniter.php(499): CodeIgniter\CodeIgniter->runController(Object(App\Controllers\Employee))
 4 SYSTEMPATH\CodeIgniter.php(368): CodeIgniter\CodeIgniter->handleRequest(null, Object(Config\Cache), false)
 5 FCPATH\index.php(67): CodeIgniter\CodeIgniter->run()
 6 SYSTEMPATH\Commands\Server\rewrite.php(47): require_once('FCPATH\\index.php')
CRITICAL - 2023-01-26 17:59:30 --> Class "App\Models\Exception" not found
in APPPATH\Models\ModelEmployee.php on line 18.
 1 APPPATH\Controllers\Employee.php(23): App\Models\ModelEmployee->getEmployeeByParent('SDB.UP.3.1')
 2 SYSTEMPATH\CodeIgniter.php(934): App\Controllers\Employee->employeeByParent('SDB.UP.3.1')
 3 SYSTEMPATH\CodeIgniter.php(499): CodeIgniter\CodeIgniter->runController(Object(App\Controllers\Employee))
 4 SYSTEMPATH\CodeIgniter.php(368): CodeIgniter\CodeIgniter->handleRequest(null, Object(Config\Cache), false)
 5 FCPATH\index.php(67): CodeIgniter\CodeIgniter->run()
 6 SYSTEMPATH\Commands\Server\rewrite.php(47): require_once('FCPATH\\index.php')
CRITICAL - 2023-01-26 17:59:36 --> Class "App\Models\Exception" not found
in APPPATH\Models\ModelEmployee.php on line 18.
 1 APPPATH\Controllers\Employee.php(23): App\Models\ModelEmployee->getEmployeeByParent('SDB.UP.3.1')
 2 SYSTEMPATH\CodeIgniter.php(934): App\Controllers\Employee->employeeByParent('SDB.UP.3.1')
 3 SYSTEMPATH\CodeIgniter.php(499): CodeIgniter\CodeIgniter->runController(Object(App\Controllers\Employee))
 4 SYSTEMPATH\CodeIgniter.php(368): CodeIgniter\CodeIgniter->handleRequest(null, Object(Config\Cache), false)
 5 FCPATH\index.php(67): CodeIgniter\CodeIgniter->run()
 6 SYSTEMPATH\Commands\Server\rewrite.php(47): require_once('FCPATH\\index.php')
CRITICAL - 2023-01-26 17:59:38 --> Class "App\Models\Exception" not found
in APPPATH\Models\ModelEmployee.php on line 18.
 1 APPPATH\Controllers\Employee.php(23): App\Models\ModelEmployee->getEmployeeByParent('SDB.UP.3.1')
 2 SYSTEMPATH\CodeIgniter.php(934): App\Controllers\Employee->employeeByParent('SDB.UP.3.1')
 3 SYSTEMPATH\CodeIgniter.php(499): CodeIgniter\CodeIgniter->runController(Object(App\Controllers\Employee))
 4 SYSTEMPATH\CodeIgniter.php(368): CodeIgniter\CodeIgniter->handleRequest(null, Object(Config\Cache), false)
 5 FCPATH\index.php(67): CodeIgniter\CodeIgniter->run()
 6 SYSTEMPATH\Commands\Server\rewrite.php(47): require_once('FCPATH\\index.php')
CRITICAL - 2023-01-26 17:59:43 --> Class "App\Models\Exception" not found
in APPPATH\Models\ModelEmployee.php on line 18.
 1 APPPATH\Controllers\Employee.php(23): App\Models\ModelEmployee->getEmployeeByParent('SDB.UP.3.1')
 2 SYSTEMPATH\CodeIgniter.php(934): App\Controllers\Employee->employeeByParent('SDB.UP.3.1')
 3 SYSTEMPATH\CodeIgniter.php(499): CodeIgniter\CodeIgniter->runController(Object(App\Controllers\Employee))
 4 SYSTEMPATH\CodeIgniter.php(368): CodeIgniter\CodeIgniter->handleRequest(null, Object(Config\Cache), false)
 5 FCPATH\index.php(67): CodeIgniter\CodeIgniter->run()
 6 SYSTEMPATH\Commands\Server\rewrite.php(47): require_once('FCPATH\\index.php')
CRITICAL - 2023-01-26 17:59:47 --> Class "App\Models\Exception" not found
in APPPATH\Models\ModelEmployee.php on line 18.
 1 APPPATH\Controllers\Employee.php(23): App\Models\ModelEmployee->getEmployeeByParent('SDB.UP.3.1')
 2 SYSTEMPATH\CodeIgniter.php(934): App\Controllers\Employee->employeeByParent('SDB.UP.3.1')
 3 SYSTEMPATH\CodeIgniter.php(499): CodeIgniter\CodeIgniter->runController(Object(App\Controllers\Employee))
 4 SYSTEMPATH\CodeIgniter.php(368): CodeIgniter\CodeIgniter->handleRequest(null, Object(Config\Cache), false)
 5 FCPATH\index.php(67): CodeIgniter\CodeIgniter->run()
 6 SYSTEMPATH\Commands\Server\rewrite.php(47): require_once('FCPATH\\index.php')
CRITICAL - 2023-01-26 17:59:49 --> Class "App\Models\Exception" not found
in APPPATH\Models\ModelEmployee.php on line 18.
 1 APPPATH\Controllers\Employee.php(23): App\Models\ModelEmployee->getEmployeeByParent('SDB.UP.3.1')
 2 SYSTEMPATH\CodeIgniter.php(934): App\Controllers\Employee->employeeByParent('SDB.UP.3.1')
 3 SYSTEMPATH\CodeIgniter.php(499): CodeIgniter\CodeIgniter->runController(Object(App\Controllers\Employee))
 4 SYSTEMPATH\CodeIgniter.php(368): CodeIgniter\CodeIgniter->handleRequest(null, Object(Config\Cache), false)
 5 FCPATH\index.php(67): CodeIgniter\CodeIgniter->run()
 6 SYSTEMPATH\Commands\Server\rewrite.php(47): require_once('FCPATH\\index.php')
CRITICAL - 2023-01-26 18:00:16 --> Class "App\Models\Exception" not found
in APPPATH\Models\ModelEmployee.php on line 18.
 1 APPPATH\Controllers\Employee.php(23): App\Models\ModelEmployee->getEmployeeByParent('SDB.UP.3.1')
 2 SYSTEMPATH\CodeIgniter.php(934): App\Controllers\Employee->employeeByParent('SDB.UP.3.1')
 3 SYSTEMPATH\CodeIgniter.php(499): CodeIgniter\CodeIgniter->runController(Object(App\Controllers\Employee))
 4 SYSTEMPATH\CodeIgniter.php(368): CodeIgniter\CodeIgniter->handleRequest(null, Object(Config\Cache), false)
 5 FCPATH\index.php(67): CodeIgniter\CodeIgniter->run()
 6 SYSTEMPATH\Commands\Server\rewrite.php(47): require_once('FCPATH\\index.php')
CRITICAL - 2023-01-26 18:00:18 --> Class "App\Models\Exception" not found
in APPPATH\Models\ModelEmployee.php on line 18.
 1 APPPATH\Controllers\Employee.php(23): App\Models\ModelEmployee->getEmployeeByParent('SDB.UP.3.1')
 2 SYSTEMPATH\CodeIgniter.php(934): App\Controllers\Employee->employeeByParent('SDB.UP.3.1')
 3 SYSTEMPATH\CodeIgniter.php(499): CodeIgniter\CodeIgniter->runController(Object(App\Controllers\Employee))
 4 SYSTEMPATH\CodeIgniter.php(368): CodeIgniter\CodeIgniter->handleRequest(null, Object(Config\Cache), false)
 5 FCPATH\index.php(67): CodeIgniter\CodeIgniter->run()
 6 SYSTEMPATH\Commands\Server\rewrite.php(47): require_once('FCPATH\\index.php')
CRITICAL - 2023-01-26 18:00:53 --> Class "App\Models\Exception" not found
in APPPATH\Models\ModelEmployee.php on line 18.
 1 APPPATH\Controllers\Employee.php(23): App\Models\ModelEmployee->getEmployeeByParent('SDB.UP.3.1')
 2 SYSTEMPATH\CodeIgniter.php(934): App\Controllers\Employee->employeeByParent('SDB.UP.3.1')
 3 SYSTEMPATH\CodeIgniter.php(499): CodeIgniter\CodeIgniter->runController(Object(App\Controllers\Employee))
 4 SYSTEMPATH\CodeIgniter.php(368): CodeIgniter\CodeIgniter->handleRequest(null, Object(Config\Cache), false)
 5 FCPATH\index.php(67): CodeIgniter\CodeIgniter->run()
 6 SYSTEMPATH\Commands\Server\rewrite.php(47): require_once('FCPATH\\index.php')
CRITICAL - 2023-01-26 18:02:02 --> Class "App\Models\Exception" not found
in APPPATH\Models\ModelEmployee.php on line 18.
 1 APPPATH\Controllers\Employee.php(23): App\Models\ModelEmployee->getEmployeeByParent('SDB.UP.3.1')
 2 SYSTEMPATH\CodeIgniter.php(934): App\Controllers\Employee->employeeByParent('SDB.UP.3.1')
 3 SYSTEMPATH\CodeIgniter.php(499): CodeIgniter\CodeIgniter->runController(Object(App\Controllers\Employee))
 4 SYSTEMPATH\CodeIgniter.php(368): CodeIgniter\CodeIgniter->handleRequest(null, Object(Config\Cache), false)
 5 FCPATH\index.php(67): CodeIgniter\CodeIgniter->run()
 6 SYSTEMPATH\Commands\Server\rewrite.php(47): require_once('FCPATH\\index.php')
CRITICAL - 2023-01-26 18:02:30 --> Class "App\Models\Exception" not found
in APPPATH\Models\ModelEmployee.php on line 18.
 1 APPPATH\Controllers\Employee.php(23): App\Models\ModelEmployee->getEmployeeByParent('SDB.UP.3.1')
 2 SYSTEMPATH\CodeIgniter.php(934): App\Controllers\Employee->employeeByParent('SDB.UP.3.1')
 3 SYSTEMPATH\CodeIgniter.php(499): CodeIgniter\CodeIgniter->runController(Object(App\Controllers\Employee))
 4 SYSTEMPATH\CodeIgniter.php(368): CodeIgniter\CodeIgniter->handleRequest(null, Object(Config\Cache), false)
 5 FCPATH\index.php(67): CodeIgniter\CodeIgniter->run()
 6 SYSTEMPATH\Commands\Server\rewrite.php(47): require_once('FCPATH\\index.php')
CRITICAL - 2023-01-26 18:02:32 --> Class "App\Models\Exception" not found
in APPPATH\Models\ModelEmployee.php on line 18.
 1 APPPATH\Controllers\Employee.php(23): App\Models\ModelEmployee->getEmployeeByParent('SDB.UP.3.1')
 2 SYSTEMPATH\CodeIgniter.php(934): App\Controllers\Employee->employeeByParent('SDB.UP.3.1')
 3 SYSTEMPATH\CodeIgniter.php(499): CodeIgniter\CodeIgniter->runController(Object(App\Controllers\Employee))
 4 SYSTEMPATH\CodeIgniter.php(368): CodeIgniter\CodeIgniter->handleRequest(null, Object(Config\Cache), false)
 5 FCPATH\index.php(67): CodeIgniter\CodeIgniter->run()
 6 SYSTEMPATH\Commands\Server\rewrite.php(47): require_once('FCPATH\\index.php')
CRITICAL - 2023-01-26 18:03:19 --> Class "App\Models\Exception" not found
in APPPATH\Models\ModelEmployee.php on line 18.
 1 APPPATH\Controllers\Employee.php(23): App\Models\ModelEmployee->getEmployeeByParent('SDB.UP.3.1')
 2 SYSTEMPATH\CodeIgniter.php(934): App\Controllers\Employee->employeeByParent('SDB.UP.3.1')
 3 SYSTEMPATH\CodeIgniter.php(499): CodeIgniter\CodeIgniter->runController(Object(App\Controllers\Employee))
 4 SYSTEMPATH\CodeIgniter.php(368): CodeIgniter\CodeIgniter->handleRequest(null, Object(Config\Cache), false)
 5 FCPATH\index.php(67): CodeIgniter\CodeIgniter->run()
 6 SYSTEMPATH\Commands\Server\rewrite.php(47): require_once('FCPATH\\index.php')
CRITICAL - 2023-01-26 18:03:21 --> Class "App\Models\Exception" not found
in APPPATH\Models\ModelEmployee.php on line 18.
 1 APPPATH\Controllers\Employee.php(23): App\Models\ModelEmployee->getEmployeeByParent('SDB.UP.3.1')
 2 SYSTEMPATH\CodeIgniter.php(934): App\Controllers\Employee->employeeByParent('SDB.UP.3.1')
 3 SYSTEMPATH\CodeIgniter.php(499): CodeIgniter\CodeIgniter->runController(Object(App\Controllers\Employee))
 4 SYSTEMPATH\CodeIgniter.php(368): CodeIgniter\CodeIgniter->handleRequest(null, Object(Config\Cache), false)
 5 FCPATH\index.php(67): CodeIgniter\CodeIgniter->run()
 6 SYSTEMPATH\Commands\Server\rewrite.php(47): require_once('FCPATH\\index.php')
CRITICAL - 2023-01-26 18:03:34 --> Class "App\Models\Exception" not found
in APPPATH\Models\ModelEmployee.php on line 18.
 1 APPPATH\Controllers\Employee.php(23): App\Models\ModelEmployee->getEmployeeByParent('SDB.UP.3.1')
 2 SYSTEMPATH\CodeIgniter.php(934): App\Controllers\Employee->employeeByParent('SDB.UP.3.1')
 3 SYSTEMPATH\CodeIgniter.php(499): CodeIgniter\CodeIgniter->runController(Object(App\Controllers\Employee))
 4 SYSTEMPATH\CodeIgniter.php(368): CodeIgniter\CodeIgniter->handleRequest(null, Object(Config\Cache), false)
 5 FCPATH\index.php(67): CodeIgniter\CodeIgniter->run()
 6 SYSTEMPATH\Commands\Server\rewrite.php(47): require_once('FCPATH\\index.php')
CRITICAL - 2023-01-26 18:10:05 --> Class "App\Models\Exception" not found
in APPPATH\Models\ModelEmployee.php on line 18.
 1 APPPATH\Controllers\Employee.php(23): App\Models\ModelEmployee->getEmployeeByParent('SDB.UP.3.1')
 2 SYSTEMPATH\CodeIgniter.php(934): App\Controllers\Employee->employeeByParent('SDB.UP.3.1')
 3 SYSTEMPATH\CodeIgniter.php(499): CodeIgniter\CodeIgniter->runController(Object(App\Controllers\Employee))
 4 SYSTEMPATH\CodeIgniter.php(368): CodeIgniter\CodeIgniter->handleRequest(null, Object(Config\Cache), false)
 5 FCPATH\index.php(67): CodeIgniter\CodeIgniter->run()
 6 SYSTEMPATH\Commands\Server\rewrite.php(47): require_once('FCPATH\\index.php')
CRITICAL - 2023-01-26 18:16:43 --> Class "App\Models\Exception" not found
in APPPATH\Models\ModelEmployee.php on line 18.
 1 APPPATH\Controllers\Employee.php(23): App\Models\ModelEmployee->getEmployeeByParent('SDB.UP.3.1')
 2 SYSTEMPATH\CodeIgniter.php(934): App\Controllers\Employee->employeeByParent('SDB.UP.3.1')
 3 SYSTEMPATH\CodeIgniter.php(499): CodeIgniter\CodeIgniter->runController(Object(App\Controllers\Employee))
 4 SYSTEMPATH\CodeIgniter.php(368): CodeIgniter\CodeIgniter->handleRequest(null, Object(Config\Cache), false)
 5 FCPATH\index.php(67): CodeIgniter\CodeIgniter->run()
 6 SYSTEMPATH\Commands\Server\rewrite.php(47): require_once('FCPATH\\index.php')
CRITICAL - 2023-01-26 18:16:47 --> Class "App\Models\Exception" not found
in APPPATH\Models\ModelEmployee.php on line 18.
 1 APPPATH\Controllers\Employee.php(23): App\Models\ModelEmployee->getEmployeeByParent('SDB.UP.3.1')
 2 SYSTEMPATH\CodeIgniter.php(934): App\Controllers\Employee->employeeByParent('SDB.UP.3.1')
 3 SYSTEMPATH\CodeIgniter.php(499): CodeIgniter\CodeIgniter->runController(Object(App\Controllers\Employee))
 4 SYSTEMPATH\CodeIgniter.php(368): CodeIgniter\CodeIgniter->handleRequest(null, Object(Config\Cache), false)
 5 FCPATH\index.php(67): CodeIgniter\CodeIgniter->run()
 6 SYSTEMPATH\Commands\Server\rewrite.php(47): require_once('FCPATH\\index.php')
CRITICAL - 2023-01-26 18:16:50 --> Class "App\Models\Exception" not found
in APPPATH\Models\ModelEmployee.php on line 18.
 1 APPPATH\Controllers\Employee.php(23): App\Models\ModelEmployee->getEmployeeByParent('SDB.UP.3.1')
 2 SYSTEMPATH\CodeIgniter.php(934): App\Controllers\Employee->employeeByParent('SDB.UP.3.1')
 3 SYSTEMPATH\CodeIgniter.php(499): CodeIgniter\CodeIgniter->runController(Object(App\Controllers\Employee))
 4 SYSTEMPATH\CodeIgniter.php(368): CodeIgniter\CodeIgniter->handleRequest(null, Object(Config\Cache), false)
 5 FCPATH\index.php(67): CodeIgniter\CodeIgniter->run()
 6 SYSTEMPATH\Commands\Server\rewrite.php(47): require_once('FCPATH\\index.php')
CRITICAL - 2023-01-26 18:16:54 --> Class "App\Models\Exception" not found
in APPPATH\Models\ModelEmployee.php on line 18.
 1 APPPATH\Controllers\Employee.php(23): App\Models\ModelEmployee->getEmployeeByParent('SDB.UP.3.1')
 2 SYSTEMPATH\CodeIgniter.php(934): App\Controllers\Employee->employeeByParent('SDB.UP.3.1')
 3 SYSTEMPATH\CodeIgniter.php(499): CodeIgniter\CodeIgniter->runController(Object(App\Controllers\Employee))
 4 SYSTEMPATH\CodeIgniter.php(368): CodeIgniter\CodeIgniter->handleRequest(null, Object(Config\Cache), false)
 5 FCPATH\index.php(67): CodeIgniter\CodeIgniter->run()
 6 SYSTEMPATH\Commands\Server\rewrite.php(47): require_once('FCPATH\\index.php')
CRITICAL - 2023-01-26 18:16:57 --> Class "App\Models\Exception" not found
in APPPATH\Models\ModelEmployee.php on line 18.
 1 APPPATH\Controllers\Employee.php(23): App\Models\ModelEmployee->getEmployeeByParent('SDB.UP.3.1')
 2 SYSTEMPATH\CodeIgniter.php(934): App\Controllers\Employee->employeeByParent('SDB.UP.3.1')
 3 SYSTEMPATH\CodeIgniter.php(499): CodeIgniter\CodeIgniter->runController(Object(App\Controllers\Employee))
 4 SYSTEMPATH\CodeIgniter.php(368): CodeIgniter\CodeIgniter->handleRequest(null, Object(Config\Cache), false)
 5 FCPATH\index.php(67): CodeIgniter\CodeIgniter->run()
 6 SYSTEMPATH\Commands\Server\rewrite.php(47): require_once('FCPATH\\index.php')
CRITICAL - 2023-01-26 18:16:58 --> Class "App\Models\Exception" not found
in APPPATH\Models\ModelEmployee.php on line 18.
 1 APPPATH\Controllers\Employee.php(23): App\Models\ModelEmployee->getEmployeeByParent('SDB.UP.3.1')
 2 SYSTEMPATH\CodeIgniter.php(934): App\Controllers\Employee->employeeByParent('SDB.UP.3.1')
 3 SYSTEMPATH\CodeIgniter.php(499): CodeIgniter\CodeIgniter->runController(Object(App\Controllers\Employee))
 4 SYSTEMPATH\CodeIgniter.php(368): CodeIgniter\CodeIgniter->handleRequest(null, Object(Config\Cache), false)
 5 FCPATH\index.php(67): CodeIgniter\CodeIgniter->run()
 6 SYSTEMPATH\Commands\Server\rewrite.php(47): require_once('FCPATH\\index.php')
ERROR - 2023-01-26 19:29:46 --> mysqli_sql_exception: MySQL server has gone away in C:\NOVAL\App\mail-tracking-minerba\mail-tracking\starter\vendor\codeigniter4\framework\system\Database\MySQLi\Connection.php:295
Stack trace:
#0 C:\NOVAL\App\mail-tracking-minerba\mail-tracking\starter\vendor\codeigniter4\framework\system\Database\MySQLi\Connection.php(295): mysqli->query('SELECT *\nFROM `...', 0)
#1 C:\NOVAL\App\mail-tracking-minerba\mail-tracking\starter\vendor\codeigniter4\framework\system\Database\BaseConnection.php(691): CodeIgniter\Database\MySQLi\Connection->execute('SELECT *\nFROM `...')
#2 C:\NOVAL\App\mail-tracking-minerba\mail-tracking\starter\vendor\codeigniter4\framework\system\Database\BaseConnection.php(605): CodeIgniter\Database\BaseConnection->simpleQuery('SELECT *\nFROM `...')
#3 C:\NOVAL\App\mail-tracking-minerba\mail-tracking\starter\vendor\codeigniter4\framework\system\Database\BaseBuilder.php(1602): CodeIgniter\Database\BaseConnection->query('SELECT *\nFROM `...', Array, false)
#4 C:\NOVAL\App\mail-tracking-minerba\mail-tracking\starter\vendor\codeigniter4\framework\system\Model.php(240): CodeIgniter\Database\BaseBuilder->get()
#5 C:\NOVAL\App\mail-tracking-minerba\mail-tracking\starter\vendor\codeigniter4\framework\system\BaseModel.php(618): CodeIgniter\Model->doFindAll(0, 0)
#6 C:\NOVAL\App\mail-tracking-minerba\mail-tracking\starter\app\Controllers\Tracking.php(17): CodeIgniter\BaseModel->findAll()
#7 C:\NOVAL\App\mail-tracking-minerba\mail-tracking\starter\vendor\codeigniter4\framework\system\CodeIgniter.php(934): App\Controllers\Tracking->index()
#8 C:\NOVAL\App\mail-tracking-minerba\mail-tracking\starter\vendor\codeigniter4\framework\system\CodeIgniter.php(499): CodeIgniter\CodeIgniter->runController(Object(App\Controllers\Tracking))
#9 C:\NOVAL\App\mail-tracking-minerba\mail-tracking\starter\vendor\codeigniter4\framework\system\CodeIgniter.php(368): CodeIgniter\CodeIgniter->handleRequest(NULL, Object(Config\Cache), false)
#10 C:\NOVAL\App\mail-tracking-minerba\mail-tracking\starter\public\index.php(67): CodeIgniter\CodeIgniter->run()
#11 C:\NOVAL\App\mail-tracking-minerba\mail-tracking\starter\vendor\codeigniter4\framework\system\Commands\Server\rewrite.php(47): require_once('C:\\NOVAL\\App\\ma...')
#12 {main}
CRITICAL - 2023-01-26 19:29:46 --> MySQL server has gone away
in SYSTEMPATH\Database\BaseConnection.php on line 645.
 1 SYSTEMPATH\Database\BaseBuilder.php(1602): CodeIgniter\Database\BaseConnection->query('SELECT *
FROM `v_tracking`', [], false)
 2 SYSTEMPATH\Model.php(240): CodeIgniter\Database\BaseBuilder->get()
 3 SYSTEMPATH\BaseModel.php(618): CodeIgniter\Model->doFindAll(0, 0)
 4 APPPATH\Controllers\Tracking.php(17): CodeIgniter\BaseModel->findAll()
 5 SYSTEMPATH\CodeIgniter.php(934): App\Controllers\Tracking->index()
 6 SYSTEMPATH\CodeIgniter.php(499): CodeIgniter\CodeIgniter->runController(Object(App\Controllers\Tracking))
 7 SYSTEMPATH\CodeIgniter.php(368): CodeIgniter\CodeIgniter->handleRequest(null, Object(Config\Cache), false)
 8 FCPATH\index.php(67): CodeIgniter\CodeIgniter->run()
 9 SYSTEMPATH\Commands\Server\rewrite.php(47): require_once('FCPATH\\index.php')
CRITICAL - 2023-01-26 19:37:49 --> Failed to parse JSON string. Error: Malformed UTF-8 characters, possibly incorrectly encoded
in SYSTEMPATH\Format\JSONFormatter.php on line 41.
 1 SYSTEMPATH\Format\JSONFormatter.php(41): CodeIgniter\Format\Exceptions\FormatException::forInvalidJSON('Malformed UTF-8 characters, possibly incorrectly encoded')
 2 SYSTEMPATH\API\ResponseTrait.php(346): CodeIgniter\Format\JSONFormatter->format([...])
 3 SYSTEMPATH\API\ResponseTrait.php(99): App\Controllers\Tracking->format([...])
 4 APPPATH\Controllers\Tracking.php(62): App\Controllers\Tracking->respond([...], 200)
 5 SYSTEMPATH\CodeIgniter.php(934): App\Controllers\Tracking->importCsvToDb()
 6 SYSTEMPATH\CodeIgniter.php(499): CodeIgniter\CodeIgniter->runController(Object(App\Controllers\Tracking))
 7 SYSTEMPATH\CodeIgniter.php(368): CodeIgniter\CodeIgniter->handleRequest(null, Object(Config\Cache), false)
 8 FCPATH\index.php(67): CodeIgniter\CodeIgniter->run()
 9 SYSTEMPATH\Commands\Server\rewrite.php(47): require_once('FCPATH\\index.php')
CRITICAL - 2023-01-26 19:37:49 --> Uncaught CodeIgniter\Format\Exceptions\FormatException: Failed to parse JSON string. Error: Malformed UTF-8 characters, possibly incorrectly encoded in C:\NOVAL\App\mail-tracking-minerba\mail-tracking\starter\vendor\codeigniter4\framework\system\Format\JSONFormatter.php:41
Stack trace:
#0 C:\NOVAL\App\mail-tracking-minerba\mail-tracking\starter\vendor\codeigniter4\framework\system\Format\JSONFormatter.php(41): CodeIgniter\Format\Exceptions\FormatException::forInvalidJSON('Malformed UTF-8...')
#1 C:\NOVAL\App\mail-tracking-minerba\mail-tracking\starter\vendor\codeigniter4\framework\system\API\ResponseTrait.php(346): CodeIgniter\Format\JSONFormatter->format(Array)
#2 C:\NOVAL\App\mail-tracking-minerba\mail-tracking\starter\vendor\codeigniter4\framework\system\API\ResponseTrait.php(99): CodeIgniter\Debug\Exceptions->format(Array)
#3 C:\NOVAL\App\mail-tracking-minerba\mail-tracking\starter\vendor\codeigniter4\framework\system\Debug\Exceptions.php(141): CodeIgniter\Debug\Exceptions->respond(Array, 500)
#4 [internal function]: CodeIgniter\Debug\Exceptions->exceptionHandler(Object(CodeIgniter\Format\Exceptions\FormatException))
#5 {main}
  thrown
in SYSTEMPATH\Format\JSONFormatter.php on line 41.
 1 [internal function]: CodeIgniter\Debug\Exceptions->shutdownHandler()
CRITICAL - 2023-01-26 19:46:07 --> Failed to parse JSON string. Error: Malformed UTF-8 characters, possibly incorrectly encoded
in SYSTEMPATH\Format\JSONFormatter.php on line 41.
 1 SYSTEMPATH\Format\JSONFormatter.php(41): CodeIgniter\Format\Exceptions\FormatException::forInvalidJSON('Malformed UTF-8 characters, possibly incorrectly encoded')
 2 SYSTEMPATH\API\ResponseTrait.php(346): CodeIgniter\Format\JSONFormatter->format([...])
 3 SYSTEMPATH\API\ResponseTrait.php(99): App\Controllers\Tracking->format([...])
 4 APPPATH\Controllers\Tracking.php(64): App\Controllers\Tracking->respond([...], 200)
 5 SYSTEMPATH\CodeIgniter.php(934): App\Controllers\Tracking->importCsvToDb()
 6 SYSTEMPATH\CodeIgniter.php(499): CodeIgniter\CodeIgniter->runController(Object(App\Controllers\Tracking))
 7 SYSTEMPATH\CodeIgniter.php(368): CodeIgniter\CodeIgniter->handleRequest(null, Object(Config\Cache), false)
 8 FCPATH\index.php(67): CodeIgniter\CodeIgniter->run()
 9 SYSTEMPATH\Commands\Server\rewrite.php(47): require_once('FCPATH\\index.php')
CRITICAL - 2023-01-26 19:46:07 --> Uncaught CodeIgniter\Format\Exceptions\FormatException: Failed to parse JSON string. Error: Malformed UTF-8 characters, possibly incorrectly encoded in C:\NOVAL\App\mail-tracking-minerba\mail-tracking\starter\vendor\codeigniter4\framework\system\Format\JSONFormatter.php:41
Stack trace:
#0 C:\NOVAL\App\mail-tracking-minerba\mail-tracking\starter\vendor\codeigniter4\framework\system\Format\JSONFormatter.php(41): CodeIgniter\Format\Exceptions\FormatException::forInvalidJSON('Malformed UTF-8...')
#1 C:\NOVAL\App\mail-tracking-minerba\mail-tracking\starter\vendor\codeigniter4\framework\system\API\ResponseTrait.php(346): CodeIgniter\Format\JSONFormatter->format(Array)
#2 C:\NOVAL\App\mail-tracking-minerba\mail-tracking\starter\vendor\codeigniter4\framework\system\API\ResponseTrait.php(99): CodeIgniter\Debug\Exceptions->format(Array)
#3 C:\NOVAL\App\mail-tracking-minerba\mail-tracking\starter\vendor\codeigniter4\framework\system\Debug\Exceptions.php(141): CodeIgniter\Debug\Exceptions->respond(Array, 500)
#4 [internal function]: CodeIgniter\Debug\Exceptions->exceptionHandler(Object(CodeIgniter\Format\Exceptions\FormatException))
#5 {main}
  thrown
in SYSTEMPATH\Format\JSONFormatter.php on line 41.
 1 [internal function]: CodeIgniter\Debug\Exceptions->shutdownHandler()
CRITICAL - 2023-01-26 19:48:09 --> Undefined array key "agendaNumber"
in APPPATH\Controllers\Tracking.php on line 64.
 1 APPPATH\Controllers\Tracking.php(64): CodeIgniter\Debug\Exceptions->errorHandler(2, 'Undefined array key "agendaNumber"', 'APPPATH\\Controllers\\Tracking.php', 64)
 2 SYSTEMPATH\CodeIgniter.php(934): App\Controllers\Tracking->importCsvToDb()
 3 SYSTEMPATH\CodeIgniter.php(499): CodeIgniter\CodeIgniter->runController(Object(App\Controllers\Tracking))
 4 SYSTEMPATH\CodeIgniter.php(368): CodeIgniter\CodeIgniter->handleRequest(null, Object(Config\Cache), false)
 5 FCPATH\index.php(67): CodeIgniter\CodeIgniter->run()
 6 SYSTEMPATH\Commands\Server\rewrite.php(47): require_once('FCPATH\\index.php')
CRITICAL - 2023-01-26 19:49:08 --> Undefined array key "agendaNumber"
in APPPATH\Controllers\Tracking.php on line 64.
 1 APPPATH\Controllers\Tracking.php(64): CodeIgniter\Debug\Exceptions->errorHandler(2, 'Undefined array key "agendaNumber"', 'APPPATH\\Controllers\\Tracking.php', 64)
 2 SYSTEMPATH\CodeIgniter.php(934): App\Controllers\Tracking->importCsvToDb()
 3 SYSTEMPATH\CodeIgniter.php(499): CodeIgniter\CodeIgniter->runController(Object(App\Controllers\Tracking))
 4 SYSTEMPATH\CodeIgniter.php(368): CodeIgniter\CodeIgniter->handleRequest(null, Object(Config\Cache), false)
 5 FCPATH\index.php(67): CodeIgniter\CodeIgniter->run()
 6 SYSTEMPATH\Commands\Server\rewrite.php(47): require_once('FCPATH\\index.php')
CRITICAL - 2023-01-26 19:49:41 --> Undefined array key "agendaNumber"
in APPPATH\Controllers\Tracking.php on line 64.
 1 APPPATH\Controllers\Tracking.php(64): CodeIgniter\Debug\Exceptions->errorHandler(2, 'Undefined array key "agendaNumber"', 'APPPATH\\Controllers\\Tracking.php', 64)
 2 SYSTEMPATH\CodeIgniter.php(934): App\Controllers\Tracking->importCsvToDb()
 3 SYSTEMPATH\CodeIgniter.php(499): CodeIgniter\CodeIgniter->runController(Object(App\Controllers\Tracking))
 4 SYSTEMPATH\CodeIgniter.php(368): CodeIgniter\CodeIgniter->handleRequest(null, Object(Config\Cache), false)
 5 FCPATH\index.php(67): CodeIgniter\CodeIgniter->run()
 6 SYSTEMPATH\Commands\Server\rewrite.php(47): require_once('FCPATH\\index.php')
CRITICAL - 2023-01-26 19:51:57 --> Undefined variable $userdata
in APPPATH\Controllers\Tracking.php on line 63.
 1 APPPATH\Controllers\Tracking.php(63): CodeIgniter\Debug\Exceptions->errorHandler(2, 'Undefined variable $userdata', 'APPPATH\\Controllers\\Tracking.php', 63)
 2 SYSTEMPATH\CodeIgniter.php(934): App\Controllers\Tracking->importCsvToDb()
 3 SYSTEMPATH\CodeIgniter.php(499): CodeIgniter\CodeIgniter->runController(Object(App\Controllers\Tracking))
 4 SYSTEMPATH\CodeIgniter.php(368): CodeIgniter\CodeIgniter->handleRequest(null, Object(Config\Cache), false)
 5 FCPATH\index.php(67): CodeIgniter\CodeIgniter->run()
 6 SYSTEMPATH\Commands\Server\rewrite.php(47): require_once('FCPATH\\index.php')
CRITICAL - 2023-01-26 19:52:16 --> Undefined variable $userdata
in APPPATH\Controllers\Tracking.php on line 63.
 1 APPPATH\Controllers\Tracking.php(63): CodeIgniter\Debug\Exceptions->errorHandler(2, 'Undefined variable $userdata', 'APPPATH\\Controllers\\Tracking.php', 63)
 2 SYSTEMPATH\CodeIgniter.php(934): App\Controllers\Tracking->importCsvToDb()
 3 SYSTEMPATH\CodeIgniter.php(499): CodeIgniter\CodeIgniter->runController(Object(App\Controllers\Tracking))
 4 SYSTEMPATH\CodeIgniter.php(368): CodeIgniter\CodeIgniter->handleRequest(null, Object(Config\Cache), false)
 5 FCPATH\index.php(67): CodeIgniter\CodeIgniter->run()
 6 SYSTEMPATH\Commands\Server\rewrite.php(47): require_once('FCPATH\\index.php')
CRITICAL - 2023-01-26 19:53:23 --> Undefined array key 0
in APPPATH\Controllers\Tracking.php on line 63.
 1 APPPATH\Controllers\Tracking.php(63): CodeIgniter\Debug\Exceptions->errorHandler(2, 'Undefined array key 0', 'APPPATH\\Controllers\\Tracking.php', 63)
 2 SYSTEMPATH\CodeIgniter.php(934): App\Controllers\Tracking->importCsvToDb()
 3 SYSTEMPATH\CodeIgniter.php(499): CodeIgniter\CodeIgniter->runController(Object(App\Controllers\Tracking))
 4 SYSTEMPATH\CodeIgniter.php(368): CodeIgniter\CodeIgniter->handleRequest(null, Object(Config\Cache), false)
 5 FCPATH\index.php(67): CodeIgniter\CodeIgniter->run()
 6 SYSTEMPATH\Commands\Server\rewrite.php(47): require_once('FCPATH\\index.php')
CRITICAL - 2023-01-26 19:54:23 --> Undefined array key "agendaNumber"
in APPPATH\Controllers\Tracking.php on line 63.
 1 APPPATH\Controllers\Tracking.php(63): CodeIgniter\Debug\Exceptions->errorHandler(2, 'Undefined array key "agendaNumber"', 'APPPATH\\Controllers\\Tracking.php', 63)
 2 SYSTEMPATH\CodeIgniter.php(934): App\Controllers\Tracking->importCsvToDb()
 3 SYSTEMPATH\CodeIgniter.php(499): CodeIgniter\CodeIgniter->runController(Object(App\Controllers\Tracking))
 4 SYSTEMPATH\CodeIgniter.php(368): CodeIgniter\CodeIgniter->handleRequest(null, Object(Config\Cache), false)
 5 FCPATH\index.php(67): CodeIgniter\CodeIgniter->run()
 6 SYSTEMPATH\Commands\Server\rewrite.php(47): require_once('FCPATH\\index.php')
CRITICAL - 2023-01-26 19:54:38 --> Undefined array key 0
in APPPATH\Controllers\Tracking.php on line 63.
 1 APPPATH\Controllers\Tracking.php(63): CodeIgniter\Debug\Exceptions->errorHandler(2, 'Undefined array key 0', 'APPPATH\\Controllers\\Tracking.php', 63)
 2 SYSTEMPATH\CodeIgniter.php(934): App\Controllers\Tracking->importCsvToDb()
 3 SYSTEMPATH\CodeIgniter.php(499): CodeIgniter\CodeIgniter->runController(Object(App\Controllers\Tracking))
 4 SYSTEMPATH\CodeIgniter.php(368): CodeIgniter\CodeIgniter->handleRequest(null, Object(Config\Cache), false)
 5 FCPATH\index.php(67): CodeIgniter\CodeIgniter->run()
 6 SYSTEMPATH\Commands\Server\rewrite.php(47): require_once('FCPATH\\index.php')
CRITICAL - 2023-01-26 19:55:22 --> Undefined array key "agendaNumber"
in APPPATH\Controllers\Tracking.php on line 63.
 1 APPPATH\Controllers\Tracking.php(63): CodeIgniter\Debug\Exceptions->errorHandler(2, 'Undefined array key "agendaNumber"', 'APPPATH\\Controllers\\Tracking.php', 63)
 2 SYSTEMPATH\CodeIgniter.php(934): App\Controllers\Tracking->importCsvToDb()
 3 SYSTEMPATH\CodeIgniter.php(499): CodeIgniter\CodeIgniter->runController(Object(App\Controllers\Tracking))
 4 SYSTEMPATH\CodeIgniter.php(368): CodeIgniter\CodeIgniter->handleRequest(null, Object(Config\Cache), false)
 5 FCPATH\index.php(67): CodeIgniter\CodeIgniter->run()
 6 SYSTEMPATH\Commands\Server\rewrite.php(47): require_once('FCPATH\\index.php')
CRITICAL - 2023-01-26 19:55:47 --> Attempt to read property "agendaNumber" on array
in APPPATH\Controllers\Tracking.php on line 63.
 1 APPPATH\Controllers\Tracking.php(63): CodeIgniter\Debug\Exceptions->errorHandler(2, 'Attempt to read property "agendaNumber" on array', 'APPPATH\\Controllers\\Tracking.php', 63)
 2 SYSTEMPATH\CodeIgniter.php(934): App\Controllers\Tracking->importCsvToDb()
 3 SYSTEMPATH\CodeIgniter.php(499): CodeIgniter\CodeIgniter->runController(Object(App\Controllers\Tracking))
 4 SYSTEMPATH\CodeIgniter.php(368): CodeIgniter\CodeIgniter->handleRequest(null, Object(Config\Cache), false)
 5 FCPATH\index.php(67): CodeIgniter\CodeIgniter->run()
 6 SYSTEMPATH\Commands\Server\rewrite.php(47): require_once('FCPATH\\index.php')
CRITICAL - 2023-01-26 19:57:14 --> Undefined array key "agendaNumber"
in APPPATH\Controllers\Tracking.php on line 64.
 1 APPPATH\Controllers\Tracking.php(64): CodeIgniter\Debug\Exceptions->errorHandler(2, 'Undefined array key "agendaNumber"', 'APPPATH\\Controllers\\Tracking.php', 64)
 2 SYSTEMPATH\CodeIgniter.php(934): App\Controllers\Tracking->importCsvToDb()
 3 SYSTEMPATH\CodeIgniter.php(499): CodeIgniter\CodeIgniter->runController(Object(App\Controllers\Tracking))
 4 SYSTEMPATH\CodeIgniter.php(368): CodeIgniter\CodeIgniter->handleRequest(null, Object(Config\Cache), false)
 5 FCPATH\index.php(67): CodeIgniter\CodeIgniter->run()
 6 SYSTEMPATH\Commands\Server\rewrite.php(47): require_once('FCPATH\\index.php')
CRITICAL - 2023-01-26 23:55:46 --> Undefined array key 0
in APPPATH\Controllers\Tracking.php on line 63.
 1 APPPATH\Controllers\Tracking.php(63): CodeIgniter\Debug\Exceptions->errorHandler(2, 'Undefined array key 0', 'APPPATH\\Controllers\\Tracking.php', 63)
 2 SYSTEMPATH\CodeIgniter.php(934): App\Controllers\Tracking->importCsvToDb()
 3 SYSTEMPATH\CodeIgniter.php(499): CodeIgniter\CodeIgniter->runController(Object(App\Controllers\Tracking))
 4 SYSTEMPATH\CodeIgniter.php(368): CodeIgniter\CodeIgniter->handleRequest(null, Object(Config\Cache), false)
 5 FCPATH\index.php(67): CodeIgniter\CodeIgniter->run()
 6 SYSTEMPATH\Commands\Server\rewrite.php(47): require_once('FCPATH\\index.php')
CRITICAL - 2023-01-26 23:58:02 --> Class "App\Models\Exception" not found
in APPPATH\Models\ModelEmployee.php on line 18.
 1 APPPATH\Controllers\Employee.php(23): App\Models\ModelEmployee->getEmployeeByParent('SDB.UP.3.1')
 2 SYSTEMPATH\CodeIgniter.php(934): App\Controllers\Employee->employeeByParent('SDB.UP.3.1')
 3 SYSTEMPATH\CodeIgniter.php(499): CodeIgniter\CodeIgniter->runController(Object(App\Controllers\Employee))
 4 SYSTEMPATH\CodeIgniter.php(368): CodeIgniter\CodeIgniter->handleRequest(null, Object(Config\Cache), false)
 5 FCPATH\index.php(67): CodeIgniter\CodeIgniter->run()
 6 SYSTEMPATH\Commands\Server\rewrite.php(47): require_once('FCPATH\\index.php')
